2019-10-28 17:27:17.952  INFO 5036 --- [main] c.w.e.e.EmployeeMgmtApplication          : Starting EmployeeMgmtApplication on DESKTOP-HEA0D8J with PID 5036 (C:\Spring\wfd\employeeMgmt\target\classes started by syam prasad in C:\Spring\wfd\employeeMgmt)
2019-10-28 17:27:17.991  INFO 5036 --- [main] c.w.e.e.EmployeeMgmtApplication          : No active profile set, falling back to default profiles: default
2019-10-28 17:27:19.647  INFO 5036 --- [main] ConfigServletWebServerApplicationContext : Refreshing org.springframework.boot.web.servlet.context.AnnotationConfigServletWebServerApplicationContext@124c278f: startup date [Mon Oct 28 17:27:19 IST 2019]; root of context hierarchy
2019-10-28 17:27:31.518  INFO 5036 --- [main] trationDelegate$BeanPostProcessorChecker : Bean 'org.springframework.transaction.annotation.ProxyTransactionManagementConfiguration' of type [org.springframework.transaction.annotation.ProxyTransactionManagementConfiguration$$EnhancerBySpringCGLIB$$de6b9c51] is not eligible for getting processed by all BeanPostProcessors (for example: not eligible for auto-proxying)
2019-10-28 17:27:32.009  INFO 5036 --- [main] trationDelegate$BeanPostProcessorChecker : Bean 'org.springframework.hateoas.config.HateoasConfiguration' of type [org.springframework.hateoas.config.HateoasConfiguration$$EnhancerBySpringCGLIB$$5debe983] is not eligible for getting processed by all BeanPostProcessors (for example: not eligible for auto-proxying)
2019-10-28 17:27:37.244  INFO 5036 --- [main] o.s.b.w.embedded.tomcat.TomcatWebServer  : Tomcat initialized with port(s): 8081 (http)
2019-10-28 17:27:37.941  INFO 5036 --- [main] o.apache.catalina.core.StandardService   : Starting service [Tomcat]
2019-10-28 17:27:37.943  INFO 5036 --- [main] org.apache.catalina.core.StandardEngine  : Starting Servlet Engine: Apache Tomcat/8.5.34
2019-10-28 17:27:37.994  INFO 5036 --- [localhost-startStop-1] o.a.catalina.core.AprLifecycleListener   : The APR based Apache Tomcat Native library which allows optimal performance in production environments was not found on the java.library.path: [C:\Program Files\Java\jre1.8.0_221\bin;C:\Windows\Sun\Java\bin;C:\Windows\system32;C:\Windows;C:/Program Files/Java/jre1.8.0_221/bin/server;C:/Program Files/Java/jre1.8.0_221/bin;C:/Program Files/Java/jre1.8.0_221/lib/amd64;C:\Program Files (x86)\Common Files\Oracle\Java\javapath;C:\Windows\system32;C:\Windows;C:\Windows\System32\Wbem;C:\Windows\System32\WindowsPowerShell\v1.0\;C:\Windows\System32\OpenSSH\;C:\Program Files\Java\jdk1.8.0_221\bin;C:\Program Files\Java\jre1.8.0_221\bin;C:\apache-maven-3.3.9\bin;C:\Program Files\Git\cmd;C:\sqlite3;;C:\Springboot\sts-bundle\sts-3.9.9.RELEASE;;.]
2019-10-28 17:27:46.129  INFO 5036 --- [localhost-startStop-1] o.a.c.c.C.[Tomcat].[localhost].[/]       : Initializing Spring embedded WebApplicationContext
2019-10-28 17:27:46.131  INFO 5036 --- [localhost-startStop-1] o.s.web.context.ContextLoader            : Root WebApplicationContext: initialization completed in 26485 ms
2019-10-28 17:27:46.528  INFO 5036 --- [localhost-startStop-1] o.s.b.w.servlet.ServletRegistrationBean  : Servlet dispatcherServlet mapped to [/]
2019-10-28 17:27:46.555  INFO 5036 --- [localhost-startStop-1] o.s.b.w.servlet.FilterRegistrationBean   : Mapping filter: 'characterEncodingFilter' to: [/*]
2019-10-28 17:27:46.557  INFO 5036 --- [localhost-startStop-1] o.s.b.w.servlet.FilterRegistrationBean   : Mapping filter: 'hiddenHttpMethodFilter' to: [/*]
2019-10-28 17:27:46.558  INFO 5036 --- [localhost-startStop-1] o.s.b.w.servlet.FilterRegistrationBean   : Mapping filter: 'httpPutFormContentFilter' to: [/*]
2019-10-28 17:27:46.561  INFO 5036 --- [localhost-startStop-1] o.s.b.w.servlet.FilterRegistrationBean   : Mapping filter: 'requestContextFilter' to: [/*]
2019-10-28 17:27:48.209  INFO 5036 --- [main] com.zaxxer.hikari.HikariDataSource       : HikariPool-1 - Starting...
2019-10-28 17:27:48.464  INFO 5036 --- [main] com.zaxxer.hikari.pool.PoolBase          : HikariPool-1 - Driver does not support get/set network timeout for connections. (org.h2.jdbc.JdbcConnection.getNetworkTimeout()I)
2019-10-28 17:27:48.557  INFO 5036 --- [main] com.zaxxer.hikari.HikariDataSource       : HikariPool-1 - Start completed.
2019-10-28 17:27:49.425  INFO 5036 --- [main] j.LocalContainerEntityManagerFactoryBean : Building JPA container EntityManagerFactory for persistence unit 'default'
2019-10-28 17:27:49.891  INFO 5036 --- [main] o.hibernate.jpa.internal.util.LogHelper  : HHH000204: Processing PersistenceUnitInfo [
	name: default
	...]
2019-10-28 17:27:50.314  INFO 5036 --- [main] org.hibernate.Version                    : HHH000412: Hibernate Core {5.2.17.Final}
2019-10-28 17:27:50.333  INFO 5036 --- [main] org.hibernate.cfg.Environment            : HHH000206: hibernate.properties not found
2019-10-28 17:27:50.880  INFO 5036 --- [main] o.hibernate.annotations.common.Version   : HCANN000001: Hibernate Commons Annotations {5.0.1.Final}
2019-10-28 17:27:51.493  INFO 5036 --- [main] org.hibernate.dialect.Dialect            : HHH000400: Using dialect: org.hibernate.dialect.H2Dialect
2019-10-28 17:27:51.675  INFO 5036 --- [main] o.h.e.j.e.i.LobCreatorBuilderImpl        : HHH000423: Disabling contextual LOB creation as JDBC driver reported JDBC version [3] less than 4
2019-10-28 17:27:55.404  INFO 5036 --- [main] o.h.t.schema.internal.SchemaCreatorImpl  : HHH000476: Executing import script 'org.hibernate.tool.schema.internal.exec.ScriptSourceInputNonExistentImpl@7b351446'
2019-10-28 17:27:55.443  INFO 5036 --- [main] j.LocalContainerEntityManagerFactoryBean : Initialized JPA EntityManagerFactory for persistence unit 'default'
2019-10-28 17:28:00.317  WARN 5036 --- [main] aWebConfiguration$JpaWebMvcConfiguration : spring.jpa.open-in-view is enabled by default. Therefore, database queries may be performed during view rendering. Explicitly configure spring.jpa.open-in-view to disable this warning
2019-10-28 17:28:01.250  INFO 5036 --- [main] s.w.s.m.m.a.RequestMappingHandlerMapping : Mapped "{[/academicBackGround],methods=[GET]}" onto public org.springframework.http.ResponseEntity<com.wfdlabs.empmgmt.employeeMgmt.entity.AcademicBackGround> com.wfdlabs.empmgmt.employeeMgmt.controller.AcademicBackGroundController.getAcademicBackGroundId(java.lang.Integer)
2019-10-28 17:28:01.250  INFO 5036 --- [main] s.w.s.m.m.a.RequestMappingHandlerMapping : Mapped "{[/academicBackGround],methods=[PUT]}" onto public org.springframework.http.ResponseEntity<com.wfdlabs.empmgmt.employeeMgmt.entity.AcademicBackGround> com.wfdlabs.empmgmt.employeeMgmt.controller.AcademicBackGroundController.updateAcademicBackGround(com.wfdlabs.empmgmt.employeeMgmt.entity.AcademicBackGround)
2019-10-28 17:28:01.265  INFO 5036 --- [main] s.w.s.m.m.a.RequestMappingHandlerMapping : Mapped "{[/academicBackGround],methods=[POST]}" onto public org.springframework.http.ResponseEntity<com.wfdlabs.empmgmt.employeeMgmt.entity.AcademicBackGround> com.wfdlabs.empmgmt.employeeMgmt.controller.AcademicBackGroundController.createAcademicBackGround(com.wfdlabs.empmgmt.employeeMgmt.entity.AcademicBackGround)
2019-10-28 17:28:01.265  INFO 5036 --- [main] s.w.s.m.m.a.RequestMappingHandlerMapping : Mapped "{[/academicBackGround/getall],methods=[GET]}" onto public org.springframework.http.ResponseEntity<java.util.List<com.wfdlabs.empmgmt.employeeMgmt.entity.AcademicBackGround>> com.wfdlabs.empmgmt.employeeMgmt.controller.AcademicBackGroundController.getAllAcademicBackGround()
2019-10-28 17:28:01.265  INFO 5036 --- [main] s.w.s.m.m.a.RequestMappingHandlerMapping : Mapped "{[/academicBackGround],methods=[DELETE]}" onto public org.springframework.http.ResponseEntity com.wfdlabs.empmgmt.employeeMgmt.controller.AcademicBackGroundController.deleteAcademicBackGround(java.lang.Integer)
2019-10-28 17:28:01.281  INFO 5036 --- [main] s.w.s.m.m.a.RequestMappingHandlerMapping : Mapped "{[/Role],methods=[POST]}" onto public org.springframework.http.ResponseEntity<com.wfdlabs.empmgmt.employeeMgmt.entity.Role> com.wfdlabs.empmgmt.employeeMgmt.controller.AdminController.createRole(com.wfdlabs.empmgmt.employeeMgmt.entity.Role)
2019-10-28 17:28:01.281  INFO 5036 --- [main] s.w.s.m.m.a.RequestMappingHandlerMapping : Mapped "{[/Role],methods=[PUT]}" onto public org.springframework.http.ResponseEntity<com.wfdlabs.empmgmt.employeeMgmt.entity.Role> com.wfdlabs.empmgmt.employeeMgmt.controller.AdminController.updateRole(com.wfdlabs.empmgmt.employeeMgmt.entity.Role)
2019-10-28 17:28:01.281  INFO 5036 --- [main] s.w.s.m.m.a.RequestMappingHandlerMapping : Mapped "{[/Role],methods=[GET]}" onto public org.springframework.http.ResponseEntity<com.wfdlabs.empmgmt.employeeMgmt.entity.Role> com.wfdlabs.empmgmt.employeeMgmt.controller.AdminController.createRoles(java.lang.Integer)
2019-10-28 17:28:01.281  INFO 5036 --- [main] s.w.s.m.m.a.RequestMappingHandlerMapping : Mapped "{[/Role/all],methods=[GET]}" onto public org.springframework.http.ResponseEntity<java.util.List<com.wfdlabs.empmgmt.employeeMgmt.entity.Role>> com.wfdlabs.empmgmt.employeeMgmt.controller.AdminController.getRoles()
2019-10-28 17:28:01.281  INFO 5036 --- [main] s.w.s.m.m.a.RequestMappingHandlerMapping : Mapped "{[/Role],methods=[DELETE]}" onto public org.springframework.http.ResponseEntity com.wfdlabs.empmgmt.employeeMgmt.controller.AdminController.deleteRoles(java.lang.Integer)
2019-10-28 17:28:01.281  INFO 5036 --- [main] s.w.s.m.m.a.RequestMappingHandlerMapping : Mapped "{[/Client/getall],methods=[GET]}" onto public org.springframework.http.ResponseEntity<java.util.List<com.wfdlabs.empmgmt.employeeMgmt.entity.Client>> com.wfdlabs.empmgmt.employeeMgmt.controller.ClientController.getAllClient()
2019-10-28 17:28:01.281  INFO 5036 --- [main] s.w.s.m.m.a.RequestMappingHandlerMapping : Mapped "{[/Client],methods=[DELETE]}" onto public org.springframework.http.ResponseEntity com.wfdlabs.empmgmt.employeeMgmt.controller.ClientController.deleteClient(java.lang.Integer)
2019-10-28 17:28:01.296  INFO 5036 --- [main] s.w.s.m.m.a.RequestMappingHandlerMapping : Mapped "{[/Client],methods=[POST]}" onto public org.springframework.http.ResponseEntity<com.wfdlabs.empmgmt.employeeMgmt.entity.Client> com.wfdlabs.empmgmt.employeeMgmt.controller.ClientController.createClient(com.wfdlabs.empmgmt.employeeMgmt.entity.Client)
2019-10-28 17:28:01.296  INFO 5036 --- [main] s.w.s.m.m.a.RequestMappingHandlerMapping : Mapped "{[/Client],methods=[PUT]}" onto public org.springframework.http.ResponseEntity<com.wfdlabs.empmgmt.employeeMgmt.entity.Client> com.wfdlabs.empmgmt.employeeMgmt.controller.ClientController.updateClient(com.wfdlabs.empmgmt.employeeMgmt.entity.Client)
2019-10-28 17:28:01.296  INFO 5036 --- [main] s.w.s.m.m.a.RequestMappingHandlerMapping : Mapped "{[/Client],methods=[GET]}" onto public org.springframework.http.ResponseEntity<com.wfdlabs.empmgmt.employeeMgmt.entity.Client> com.wfdlabs.empmgmt.employeeMgmt.controller.ClientController.getClient(java.lang.Integer)
2019-10-28 17:28:01.296  INFO 5036 --- [main] s.w.s.m.m.a.RequestMappingHandlerMapping : Mapped "{[/employee],methods=[PUT]}" onto public com.wfdlabs.empmgmt.employeeMgmt.entity.Employee com.wfdlabs.empmgmt.employeeMgmt.controller.EmployeeController.updateEmployee(com.wfdlabs.empmgmt.employeeMgmt.entity.Employee)
2019-10-28 17:28:01.296  INFO 5036 --- [main] s.w.s.m.m.a.RequestMappingHandlerMapping : Mapped "{[/employee],methods=[POST]}" onto public com.wfdlabs.empmgmt.employeeMgmt.entity.Employee com.wfdlabs.empmgmt.employeeMgmt.controller.EmployeeController.createEmployee(com.wfdlabs.empmgmt.employeeMgmt.entity.Employee)
2019-10-28 17:28:01.296  INFO 5036 --- [main] s.w.s.m.m.a.RequestMappingHandlerMapping : Mapped "{[/employee/{employeeId}],methods=[GET]}" onto public org.springframework.http.ResponseEntity<com.wfdlabs.empmgmt.employeeMgmt.entity.Employee> com.wfdlabs.empmgmt.employeeMgmt.controller.EmployeeController.getEmployee(java.lang.Integer)
2019-10-28 17:28:01.312  INFO 5036 --- [main] s.w.s.m.m.a.RequestMappingHandlerMapping : Mapped "{[/employee/{employeeId}],methods=[DELETE]}" onto public java.lang.String com.wfdlabs.empmgmt.employeeMgmt.controller.EmployeeController.deleteUser(java.lang.Integer)
2019-10-28 17:28:01.312  INFO 5036 --- [main] s.w.s.m.m.a.RequestMappingHandlerMapping : Mapped "{[/employee/{employeeId}/{Id}],methods=[GET]}" onto public com.wfdlabs.empmgmt.employeeMgmt.entity.Employee com.wfdlabs.empmgmt.employeeMgmt.controller.EmployeeController.generatePdf(java.lang.Integer) throws net.sf.jasperreports.engine.JRException
2019-10-28 17:28:01.312  INFO 5036 --- [main] s.w.s.m.m.a.RequestMappingHandlerMapping : Mapped "{[/EmployementHistory],methods=[POST]}" onto public org.springframework.http.ResponseEntity<com.wfdlabs.empmgmt.employeeMgmt.entity.EmployementHistory> com.wfdlabs.empmgmt.employeeMgmt.controller.EmployementHistoryController.createEmployeeHistory(com.wfdlabs.empmgmt.employeeMgmt.entity.EmployementHistory)
2019-10-28 17:28:01.312  INFO 5036 --- [main] s.w.s.m.m.a.RequestMappingHandlerMapping : Mapped "{[/EmployementHistory],methods=[GET]}" onto public org.springframework.http.ResponseEntity<com.wfdlabs.empmgmt.employeeMgmt.entity.EmployementHistory> com.wfdlabs.empmgmt.employeeMgmt.controller.EmployementHistoryController.getEmployementHistory(java.lang.Integer)
2019-10-28 17:28:01.312  INFO 5036 --- [main] s.w.s.m.m.a.RequestMappingHandlerMapping : Mapped "{[/EmployementHistory],methods=[PUT]}" onto public com.wfdlabs.empmgmt.employeeMgmt.entity.EmployementHistory com.wfdlabs.empmgmt.employeeMgmt.controller.EmployementHistoryController.updateEmployementHistory(com.wfdlabs.empmgmt.employeeMgmt.entity.EmployementHistory)
2019-10-28 17:28:01.312  INFO 5036 --- [main] s.w.s.m.m.a.RequestMappingHandlerMapping : Mapped "{[/EmployementHistory/getall],methods=[GET]}" onto public org.springframework.http.ResponseEntity<java.util.List<com.wfdlabs.empmgmt.employeeMgmt.entity.EmployementHistory>> com.wfdlabs.empmgmt.employeeMgmt.controller.EmployementHistoryController.getAllEmployementHistory()
2019-10-28 17:28:01.312  INFO 5036 --- [main] s.w.s.m.m.a.RequestMappingHandlerMapping : Mapped "{[/EmployementHistory],methods=[DELETE]}" onto public org.springframework.http.ResponseEntity<java.lang.Object> com.wfdlabs.empmgmt.employeeMgmt.controller.EmployementHistoryController.deleteEmployementHistory(java.lang.Integer)
2019-10-28 17:28:01.312  INFO 5036 --- [main] s.w.s.m.m.a.RequestMappingHandlerMapping : Mapped "{[/empRole/{empRoleId}],methods=[GET]}" onto public org.springframework.http.ResponseEntity<com.wfdlabs.empmgmt.employeeMgmt.entity.EmpRole> com.wfdlabs.empmgmt.employeeMgmt.controller.EmpRoleController.getEmpRole(java.lang.Integer)
2019-10-28 17:28:01.328  INFO 5036 --- [main] s.w.s.m.m.a.RequestMappingHandlerMapping : Mapped "{[/empRole],methods=[POST]}" onto public com.wfdlabs.empmgmt.employeeMgmt.entity.EmpRole com.wfdlabs.empmgmt.employeeMgmt.controller.EmpRoleController.createEmpRole(com.wfdlabs.empmgmt.employeeMgmt.entity.EmpRole)
2019-10-28 17:28:01.329  INFO 5036 --- [main] s.w.s.m.m.a.RequestMappingHandlerMapping : Mapped "{[/empRole/getAll],methods=[GET]}" onto public org.springframework.http.ResponseEntity<java.util.List<com.wfdlabs.empmgmt.employeeMgmt.entity.EmpRole>> com.wfdlabs.empmgmt.employeeMgmt.controller.EmpRoleController.getAllEmpRole()
2019-10-28 17:28:01.330  INFO 5036 --- [main] s.w.s.m.m.a.RequestMappingHandlerMapping : Mapped "{[/empRole],methods=[PUT]}" onto public com.wfdlabs.empmgmt.employeeMgmt.entity.EmpRole com.wfdlabs.empmgmt.employeeMgmt.controller.EmpRoleController.updateEmpRole(com.wfdlabs.empmgmt.employeeMgmt.entity.EmpRole)
2019-10-28 17:28:01.330  INFO 5036 --- [main] s.w.s.m.m.a.RequestMappingHandlerMapping : Mapped "{[/empRole/{empRoleId}],methods=[DELETE]}" onto public java.lang.String com.wfdlabs.empmgmt.employeeMgmt.controller.EmpRoleController.deleteEmpRole(java.lang.Integer)
2019-10-28 17:28:01.330  INFO 5036 --- [main] s.w.s.m.m.a.RequestMappingHandlerMapping : Mapped "{[/leave],methods=[GET]}" onto public org.springframework.http.ResponseEntity<com.wfdlabs.empmgmt.employeeMgmt.entity.Leave> com.wfdlabs.empmgmt.employeeMgmt.controller.LeaveController.getById(java.lang.Integer)
2019-10-28 17:28:01.330  INFO 5036 --- [main] s.w.s.m.m.a.RequestMappingHandlerMapping : Mapped "{[/leave/leavetype/getId],methods=[GET]}" onto public org.springframework.http.ResponseEntity<com.wfdlabs.empmgmt.employeeMgmt.entity.LeaveType> com.wfdlabs.empmgmt.employeeMgmt.controller.LeaveController.getLeaveType(java.lang.Integer)
2019-10-28 17:28:01.330  INFO 5036 --- [main] s.w.s.m.m.a.RequestMappingHandlerMapping : Mapped "{[/leave/leavetype/delete],methods=[DELETE]}" onto public org.springframework.http.ResponseEntity com.wfdlabs.empmgmt.employeeMgmt.controller.LeaveController.deleteLeaveType(java.lang.Integer)
2019-10-28 17:28:01.330  INFO 5036 --- [main] s.w.s.m.m.a.RequestMappingHandlerMapping : Mapped "{[/leave],methods=[POST]}" onto public org.springframework.http.ResponseEntity<com.wfdlabs.empmgmt.employeeMgmt.entity.Leave> com.wfdlabs.empmgmt.employeeMgmt.controller.LeaveController.createLeave(com.wfdlabs.empmgmt.employeeMgmt.entity.Leave)
2019-10-28 17:28:01.330  INFO 5036 --- [main] s.w.s.m.m.a.RequestMappingHandlerMapping : Mapped "{[/leave/leavestatus/getid],methods=[GET]}" onto public org.springframework.http.ResponseEntity<com.wfdlabs.empmgmt.employeeMgmt.entity.LeaveStatus> com.wfdlabs.empmgmt.employeeMgmt.controller.LeaveController.getLeaveStatus(java.lang.Integer)
2019-10-28 17:28:01.330  INFO 5036 --- [main] s.w.s.m.m.a.RequestMappingHandlerMapping : Mapped "{[/leave/leavetype/getall],methods=[GET]}" onto public org.springframework.http.ResponseEntity<java.util.List> com.wfdlabs.empmgmt.employeeMgmt.controller.LeaveController.getAllLeaveType()
2019-10-28 17:28:01.330  INFO 5036 --- [main] s.w.s.m.m.a.RequestMappingHandlerMapping : Mapped "{[/leave/leavetype],methods=[POST]}" onto public org.springframework.http.ResponseEntity<com.wfdlabs.empmgmt.employeeMgmt.entity.LeaveType> com.wfdlabs.empmgmt.employeeMgmt.controller.LeaveController.createLeaveType(com.wfdlabs.empmgmt.employeeMgmt.entity.LeaveType)
2019-10-28 17:28:01.330  INFO 5036 --- [main] s.w.s.m.m.a.RequestMappingHandlerMapping : Mapped "{[/leave/leavetype/update],methods=[PUT]}" onto public org.springframework.http.ResponseEntity<com.wfdlabs.empmgmt.employeeMgmt.entity.LeaveType> com.wfdlabs.empmgmt.employeeMgmt.controller.LeaveController.updateLeaveType(com.wfdlabs.empmgmt.employeeMgmt.entity.LeaveType)
2019-10-28 17:28:01.330  INFO 5036 --- [main] s.w.s.m.m.a.RequestMappingHandlerMapping : Mapped "{[/leave/leavestatus/update],methods=[PUT]}" onto public org.springframework.http.ResponseEntity<com.wfdlabs.empmgmt.employeeMgmt.entity.LeaveStatus> com.wfdlabs.empmgmt.employeeMgmt.controller.LeaveController.updateLeaveStatus(com.wfdlabs.empmgmt.employeeMgmt.entity.LeaveStatus)
2019-10-28 17:28:01.330  INFO 5036 --- [main] s.w.s.m.m.a.RequestMappingHandlerMapping : Mapped "{[/leave/leavestatus/getall],methods=[GET]}" onto public org.springframework.http.ResponseEntity<java.util.List> com.wfdlabs.empmgmt.employeeMgmt.controller.LeaveController.getAllLeaveStatus()
2019-10-28 17:28:01.330  INFO 5036 --- [main] s.w.s.m.m.a.RequestMappingHandlerMapping : Mapped "{[/leave/leavestatus/delete],methods=[DELETE]}" onto public org.springframework.http.ResponseEntity com.wfdlabs.empmgmt.employeeMgmt.controller.LeaveController.deleteLeaveStatus(java.lang.Integer)
2019-10-28 17:28:01.330  INFO 5036 --- [main] s.w.s.m.m.a.RequestMappingHandlerMapping : Mapped "{[/leave/leavestatus],methods=[POST]}" onto public org.springframework.http.ResponseEntity<com.wfdlabs.empmgmt.employeeMgmt.entity.LeaveStatus> com.wfdlabs.empmgmt.employeeMgmt.controller.LeaveController.createLeaveStatus(com.wfdlabs.empmgmt.employeeMgmt.entity.LeaveStatus)
2019-10-28 17:28:01.345  INFO 5036 --- [main] s.w.s.m.m.a.RequestMappingHandlerMapping : Mapped "{[/employee/forget],methods=[GET]}" onto public org.springframework.http.ResponseEntity<com.wfdlabs.empmgmt.employeeMgmt.entity.Employee> com.wfdlabs.empmgmt.employeeMgmt.controller.LoginController.validatePassword(java.lang.String,java.lang.String,java.lang.Integer) throws java.text.ParseException
2019-10-28 17:28:01.345  INFO 5036 --- [main] s.w.s.m.m.a.RequestMappingHandlerMapping : Mapped "{[/employee/login],methods=[GET]}" onto public org.springframework.http.ResponseEntity<com.wfdlabs.empmgmt.employeeMgmt.entity.Employee> com.wfdlabs.empmgmt.employeeMgmt.controller.LoginController.login(java.lang.Integer,java.lang.String)
2019-10-28 17:28:01.345  INFO 5036 --- [main] s.w.s.m.m.a.RequestMappingHandlerMapping : Mapped "{[/Module],methods=[GET]}" onto public com.wfdlabs.empmgmt.employeeMgmt.entity.Module com.wfdlabs.empmgmt.employeeMgmt.controller.ModuleController.getModule(java.lang.Integer)
2019-10-28 17:28:01.345  INFO 5036 --- [main] s.w.s.m.m.a.RequestMappingHandlerMapping : Mapped "{[/Module],methods=[POST]}" onto public com.wfdlabs.empmgmt.employeeMgmt.entity.Module com.wfdlabs.empmgmt.employeeMgmt.controller.ModuleController.createModule(com.wfdlabs.empmgmt.employeeMgmt.entity.Module)
2019-10-28 17:28:01.345  INFO 5036 --- [main] s.w.s.m.m.a.RequestMappingHandlerMapping : Mapped "{[/Module],methods=[PUT]}" onto public com.wfdlabs.empmgmt.employeeMgmt.entity.Module com.wfdlabs.empmgmt.employeeMgmt.controller.ModuleController.updateModule(com.wfdlabs.empmgmt.employeeMgmt.entity.Module)
2019-10-28 17:28:01.345  INFO 5036 --- [main] s.w.s.m.m.a.RequestMappingHandlerMapping : Mapped "{[/Module],methods=[DELETE]}" onto public java.lang.String com.wfdlabs.empmgmt.employeeMgmt.controller.ModuleController.deleteModule(java.lang.Integer)
2019-10-28 17:28:01.345  INFO 5036 --- [main] s.w.s.m.m.a.RequestMappingHandlerMapping : Mapped "{[/Module/getall],methods=[GET]}" onto public java.util.List<com.wfdlabs.empmgmt.employeeMgmt.entity.Module> com.wfdlabs.empmgmt.employeeMgmt.controller.ModuleController.getAllModule()
2019-10-28 17:28:01.345  INFO 5036 --- [main] s.w.s.m.m.a.RequestMappingHandlerMapping : Mapped "{[/Permision],methods=[PUT]}" onto public com.wfdlabs.empmgmt.employeeMgmt.entity.Permision com.wfdlabs.empmgmt.employeeMgmt.controller.PermisionController.updatePermision(com.wfdlabs.empmgmt.employeeMgmt.entity.Permision)
2019-10-28 17:28:01.345  INFO 5036 --- [main] s.w.s.m.m.a.RequestMappingHandlerMapping : Mapped "{[/Permision],methods=[GET]}" onto public com.wfdlabs.empmgmt.employeeMgmt.entity.Permision com.wfdlabs.empmgmt.employeeMgmt.controller.PermisionController.getPermision(java.lang.Integer)
2019-10-28 17:28:01.345  INFO 5036 --- [main] s.w.s.m.m.a.RequestMappingHandlerMapping : Mapped "{[/Permision/getall],methods=[GET]}" onto public java.util.List<com.wfdlabs.empmgmt.employeeMgmt.entity.Permision> com.wfdlabs.empmgmt.employeeMgmt.controller.PermisionController.getAllPermision()
2019-10-28 17:28:01.345  INFO 5036 --- [main] s.w.s.m.m.a.RequestMappingHandlerMapping : Mapped "{[/Permision],methods=[DELETE]}" onto public java.lang.String com.wfdlabs.empmgmt.employeeMgmt.controller.PermisionController.deletepermision(java.lang.Integer)
2019-10-28 17:28:01.345  INFO 5036 --- [main] s.w.s.m.m.a.RequestMappingHandlerMapping : Mapped "{[/Permision],methods=[POST]}" onto public com.wfdlabs.empmgmt.employeeMgmt.entity.Permision com.wfdlabs.empmgmt.employeeMgmt.controller.PermisionController.createPermision(com.wfdlabs.empmgmt.employeeMgmt.entity.Permision)
2019-10-28 17:28:01.345  INFO 5036 --- [main] s.w.s.m.m.a.RequestMappingHandlerMapping : Mapped "{[/Project],methods=[POST]}" onto public org.springframework.http.ResponseEntity<com.wfdlabs.empmgmt.employeeMgmt.entity.Project> com.wfdlabs.empmgmt.employeeMgmt.controller.ProjectController.createProject(com.wfdlabs.empmgmt.employeeMgmt.entity.Project)
2019-10-28 17:28:01.345  INFO 5036 --- [main] s.w.s.m.m.a.RequestMappingHandlerMapping : Mapped "{[/Project],methods=[GET]}" onto public org.springframework.http.ResponseEntity<com.wfdlabs.empmgmt.employeeMgmt.entity.Project> com.wfdlabs.empmgmt.employeeMgmt.controller.ProjectController.getproject(java.lang.Integer)
2019-10-28 17:28:01.345  INFO 5036 --- [main] s.w.s.m.m.a.RequestMappingHandlerMapping : Mapped "{[/salary/getall],methods=[GET]}" onto public org.springframework.http.ResponseEntity<java.util.List<com.wfdlabs.empmgmt.employeeMgmt.entity.Salary>> com.wfdlabs.empmgmt.employeeMgmt.controller.SalaryController.getAllSalary()
2019-10-28 17:28:01.345  INFO 5036 --- [main] s.w.s.m.m.a.RequestMappingHandlerMapping : Mapped "{[/salary],methods=[PUT]}" onto public org.springframework.http.ResponseEntity<com.wfdlabs.empmgmt.employeeMgmt.entity.Salary> com.wfdlabs.empmgmt.employeeMgmt.controller.SalaryController.updateSalary(com.wfdlabs.empmgmt.employeeMgmt.entity.Salary)
2019-10-28 17:28:01.345  INFO 5036 --- [main] s.w.s.m.m.a.RequestMappingHandlerMapping : Mapped "{[/salary],methods=[GET]}" onto public org.springframework.http.ResponseEntity<com.wfdlabs.empmgmt.employeeMgmt.entity.Salary> com.wfdlabs.empmgmt.employeeMgmt.controller.SalaryController.getSalary(java.lang.Integer)
2019-10-28 17:28:01.345  INFO 5036 --- [main] s.w.s.m.m.a.RequestMappingHandlerMapping : Mapped "{[/salary],methods=[POST]}" onto public org.springframework.http.ResponseEntity<com.wfdlabs.empmgmt.employeeMgmt.entity.Salary> com.wfdlabs.empmgmt.employeeMgmt.controller.SalaryController.createSalary(com.wfdlabs.empmgmt.employeeMgmt.entity.Salary)
2019-10-28 17:28:01.361  INFO 5036 --- [main] s.w.s.m.m.a.RequestMappingHandlerMapping : Mapped "{[/salary],methods=[DELETE]}" onto public org.springframework.http.ResponseEntity com.wfdlabs.empmgmt.employeeMgmt.controller.SalaryController.deleteSalary(java.lang.Integer)
2019-10-28 17:28:01.361  INFO 5036 --- [main] s.w.s.m.m.a.RequestMappingHandlerMapping : Mapped "{[/SalaryOffered],methods=[GET]}" onto public com.wfdlabs.empmgmt.employeeMgmt.entity.SalaryOffered com.wfdlabs.empmgmt.employeeMgmt.controller.SalaryOfferedController.getSalaryOffered(java.lang.Integer)
2019-10-28 17:28:01.361  INFO 5036 --- [main] s.w.s.m.m.a.RequestMappingHandlerMapping : Mapped "{[/SalaryOffered],methods=[POST]}" onto public com.wfdlabs.empmgmt.employeeMgmt.entity.SalaryOffered com.wfdlabs.empmgmt.employeeMgmt.controller.SalaryOfferedController.createSalaryOffered(com.wfdlabs.empmgmt.employeeMgmt.entity.SalaryOffered)
2019-10-28 17:28:01.361  INFO 5036 --- [main] s.w.s.m.m.a.RequestMappingHandlerMapping : Mapped "{[/SalaryOffered/getall],methods=[GET]}" onto public java.util.List<com.wfdlabs.empmgmt.employeeMgmt.entity.SalaryOffered> com.wfdlabs.empmgmt.employeeMgmt.controller.SalaryOfferedController.getAllSalaryOffered()
2019-10-28 17:28:01.361  INFO 5036 --- [main] s.w.s.m.m.a.RequestMappingHandlerMapping : Mapped "{[/SalaryOffered],methods=[DELETE]}" onto public java.lang.String com.wfdlabs.empmgmt.employeeMgmt.controller.SalaryOfferedController.deleteSalaryOffered(java.lang.Integer)
2019-10-28 17:28:01.361  INFO 5036 --- [main] s.w.s.m.m.a.RequestMappingHandlerMapping : Mapped "{[/SalaryOffered],methods=[PUT]}" onto public com.wfdlabs.empmgmt.employeeMgmt.entity.SalaryOffered com.wfdlabs.empmgmt.employeeMgmt.controller.SalaryOfferedController.UpdateSalaryOffered(com.wfdlabs.empmgmt.employeeMgmt.entity.SalaryOffered)
2019-10-28 17:28:01.361  INFO 5036 --- [main] s.w.s.m.m.a.RequestMappingHandlerMapping : Mapped "{[/user/{userId}],methods=[DELETE]}" onto public java.lang.String com.wfdlabs.empmgmt.employeeMgmt.controller.UserController.deleteUser(java.lang.Integer)
2019-10-28 17:28:01.361  INFO 5036 --- [main] s.w.s.m.m.a.RequestMappingHandlerMapping : Mapped "{[/user/{userId}],methods=[GET]}" onto public org.springframework.http.ResponseEntity<com.wfdlabs.empmgmt.employeeMgmt.entity.User> com.wfdlabs.empmgmt.employeeMgmt.controller.UserController.getUser(java.lang.Integer)
2019-10-28 17:28:01.361  INFO 5036 --- [main] s.w.s.m.m.a.RequestMappingHandlerMapping : Mapped "{[/user],methods=[PUT]}" onto public com.wfdlabs.empmgmt.employeeMgmt.entity.User com.wfdlabs.empmgmt.employeeMgmt.controller.UserController.updateUser(com.wfdlabs.empmgmt.employeeMgmt.entity.User)
2019-10-28 17:28:01.361  INFO 5036 --- [main] s.w.s.m.m.a.RequestMappingHandlerMapping : Mapped "{[/user],methods=[POST]}" onto public com.wfdlabs.empmgmt.employeeMgmt.entity.User com.wfdlabs.empmgmt.employeeMgmt.controller.UserController.createUser(com.wfdlabs.empmgmt.employeeMgmt.entity.User)
2019-10-28 17:28:01.361  INFO 5036 --- [main] s.w.s.m.m.a.RequestMappingHandlerMapping : Mapped "{[/v2/api-docs],methods=[GET],produces=[application/json || application/hal+json]}" onto public org.springframework.http.ResponseEntity<springfox.documentation.spring.web.json.Json> springfox.documentation.swagger2.web.Swagger2Controller.getDocumentation(java.lang.String,javax.servlet.http.HttpServletRequest)
2019-10-28 17:28:01.377  INFO 5036 --- [main] s.w.s.m.m.a.RequestMappingHandlerMapping : Mapped "{[/swagger-resources/configuration/security]}" onto org.springframework.http.ResponseEntity<springfox.documentation.swagger.web.SecurityConfiguration> springfox.documentation.swagger.web.ApiResourceController.securityConfiguration()
2019-10-28 17:28:01.377  INFO 5036 --- [main] s.w.s.m.m.a.RequestMappingHandlerMapping : Mapped "{[/swagger-resources]}" onto org.springframework.http.ResponseEntity<java.util.List<springfox.documentation.swagger.web.SwaggerResource>> springfox.documentation.swagger.web.ApiResourceController.swaggerResources()
2019-10-28 17:28:01.377  INFO 5036 --- [main] s.w.s.m.m.a.RequestMappingHandlerMapping : Mapped "{[/swagger-resources/configuration/ui]}" onto org.springframework.http.ResponseEntity<springfox.documentation.swagger.web.UiConfiguration> springfox.documentation.swagger.web.ApiResourceController.uiConfiguration()
2019-10-28 17:28:01.377  INFO 5036 --- [main] s.w.s.m.m.a.RequestMappingHandlerMapping : Mapped "{[/error]}" onto public org.springframework.http.ResponseEntity<java.util.Map<java.lang.String, java.lang.Object>> org.springframework.boot.autoconfigure.web.servlet.error.BasicErrorController.error(javax.servlet.http.HttpServletRequest)
2019-10-28 17:28:01.377  INFO 5036 --- [main] s.w.s.m.m.a.RequestMappingHandlerMapping : Mapped "{[/error],produces=[text/html]}" onto public org.springframework.web.servlet.ModelAndView org.springframework.boot.autoconfigure.web.servlet.error.BasicErrorController.errorHtml(javax.servlet.http.HttpServletRequest,javax.servlet.http.HttpServletResponse)
2019-10-28 17:28:02.605  INFO 5036 --- [main] o.s.w.s.handler.SimpleUrlHandlerMapping  : Mapped URL path [/**/favicon.ico] onto handler of type [class org.springframework.web.servlet.resource.ResourceHttpRequestHandler]
2019-10-28 17:28:03.703  INFO 5036 --- [main] s.w.s.m.m.a.RequestMappingHandlerAdapter : Looking for @ControllerAdvice: org.springframework.boot.web.servlet.context.AnnotationConfigServletWebServerApplicationContext@124c278f: startup date [Mon Oct 28 17:27:19 IST 2019]; root of context hierarchy
2019-10-28 17:28:04.067  INFO 5036 --- [main] o.s.w.s.handler.SimpleUrlHandlerMapping  : Mapped URL path [/webjars/**] onto handler of type [class org.springframework.web.servlet.resource.ResourceHttpRequestHandler]
2019-10-28 17:28:04.068  INFO 5036 --- [main] o.s.w.s.handler.SimpleUrlHandlerMapping  : Mapped URL path [/**] onto handler of type [class org.springframework.web.servlet.resource.ResourceHttpRequestHandler]
2019-10-28 17:28:10.290  INFO 5036 --- [main] o.s.j.e.a.AnnotationMBeanExporter        : Registering beans for JMX exposure on startup
2019-10-28 17:28:10.298  INFO 5036 --- [main] o.s.j.e.a.AnnotationMBeanExporter        : Bean with name 'dataSource' has been autodetected for JMX exposure
2019-10-28 17:28:10.309  INFO 5036 --- [main] o.s.j.e.a.AnnotationMBeanExporter        : Located MBean 'dataSource': registering with JMX server as MBean [com.zaxxer.hikari:name=dataSource,type=HikariDataSource]
2019-10-28 17:28:10.437  INFO 5036 --- [main] o.s.c.support.DefaultLifecycleProcessor  : Starting beans in phase 2147483647
2019-10-28 17:28:10.437  INFO 5036 --- [main] d.s.w.p.DocumentationPluginsBootstrapper : Context refreshed
2019-10-28 17:28:11.064  INFO 5036 --- [main] d.s.w.p.DocumentationPluginsBootstrapper : Found 1 custom documentation plugin(s)
2019-10-28 17:28:11.096  INFO 5036 --- [main] s.d.s.w.s.ApiListingReferenceScanner     : Scanning for api listing references
2019-10-28 17:28:12.185  INFO 5036 --- [main] .d.s.w.r.o.CachingOperationNameGenerator : Generating unique operation named: deleteUserUsingDELETE_1
2019-10-28 17:28:13.049  INFO 5036 --- [main] o.s.b.w.embedded.tomcat.TomcatWebServer  : Tomcat started on port(s): 8081 (http) with context path ''
2019-10-28 17:28:13.065  INFO 5036 --- [main] c.w.e.e.EmployeeMgmtApplication          : Started EmployeeMgmtApplication in 59.489 seconds (JVM running for 75.84)
2019-10-28 17:35:31.662  INFO 5036 --- [RMI TCP Connection(2)-127.0.0.1] inMXBeanRegistrar$SpringApplicationAdmin : Application shutdown requested.
2019-10-28 17:35:31.669  INFO 5036 --- [RMI TCP Connection(2)-127.0.0.1] ConfigServletWebServerApplicationContext : Closing org.springframework.boot.web.servlet.context.AnnotationConfigServletWebServerApplicationContext@124c278f: startup date [Mon Oct 28 17:27:19 IST 2019]; root of context hierarchy
2019-10-28 17:35:31.747  INFO 5036 --- [RMI TCP Connection(2)-127.0.0.1] com.zaxxer.hikari.HikariDataSource       : HikariPool-1 - Shutdown initiated...
2019-10-28 17:35:31.762  INFO 5036 --- [RMI TCP Connection(2)-127.0.0.1] com.zaxxer.hikari.HikariDataSource       : HikariPool-1 - Shutdown completed.
2019-10-28 17:35:41.080  INFO 11548 --- [main] c.w.e.e.EmployeeMgmtApplication          : Starting EmployeeMgmtApplication on DESKTOP-HEA0D8J with PID 11548 (C:\Spring\wfd\employeeMgmt\target\classes started by syam prasad in C:\Spring\wfd\employeeMgmt)
2019-10-28 17:35:41.080  INFO 11548 --- [main] c.w.e.e.EmployeeMgmtApplication          : No active profile set, falling back to default profiles: default
2019-10-28 17:35:41.361  INFO 11548 --- [main] ConfigServletWebServerApplicationContext : Refreshing org.springframework.boot.web.servlet.context.AnnotationConfigServletWebServerApplicationContext@d706f19: startup date [Mon Oct 28 17:35:41 IST 2019]; root of context hierarchy
2019-10-28 17:35:43.252  INFO 11548 --- [main] trationDelegate$BeanPostProcessorChecker : Bean 'org.springframework.transaction.annotation.ProxyTransactionManagementConfiguration' of type [org.springframework.transaction.annotation.ProxyTransactionManagementConfiguration$$EnhancerBySpringCGLIB$$4f5de8a0] is not eligible for getting processed by all BeanPostProcessors (for example: not eligible for auto-proxying)
2019-10-28 17:35:43.325  INFO 11548 --- [main] trationDelegate$BeanPostProcessorChecker : Bean 'org.springframework.hateoas.config.HateoasConfiguration' of type [org.springframework.hateoas.config.HateoasConfiguration$$EnhancerBySpringCGLIB$$cede35d2] is not eligible for getting processed by all BeanPostProcessors (for example: not eligible for auto-proxying)
2019-10-28 17:35:43.825  INFO 11548 --- [main] o.s.b.w.embedded.tomcat.TomcatWebServer  : Tomcat initialized with port(s): 8081 (http)
2019-10-28 17:35:43.857  INFO 11548 --- [main] o.apache.catalina.core.StandardService   : Starting service [Tomcat]
2019-10-28 17:35:43.857  INFO 11548 --- [main] org.apache.catalina.core.StandardEngine  : Starting Servlet Engine: Apache Tomcat/8.5.34
2019-10-28 17:35:43.857  INFO 11548 --- [localhost-startStop-1] o.a.catalina.core.AprLifecycleListener   : The APR based Apache Tomcat Native library which allows optimal performance in production environments was not found on the java.library.path: [C:\Program Files\Java\jre1.8.0_221\bin;C:\Windows\Sun\Java\bin;C:\Windows\system32;C:\Windows;C:/Program Files/Java/jre1.8.0_221/bin/server;C:/Program Files/Java/jre1.8.0_221/bin;C:/Program Files/Java/jre1.8.0_221/lib/amd64;C:\Program Files (x86)\Common Files\Oracle\Java\javapath;C:\Windows\system32;C:\Windows;C:\Windows\System32\Wbem;C:\Windows\System32\WindowsPowerShell\v1.0\;C:\Windows\System32\OpenSSH\;C:\Program Files\Java\jdk1.8.0_221\bin;C:\Program Files\Java\jre1.8.0_221\bin;C:\apache-maven-3.3.9\bin;C:\Program Files\Git\cmd;C:\sqlite3;;C:\Springboot\sts-bundle\sts-3.9.9.RELEASE;;.]
2019-10-28 17:35:44.013  INFO 11548 --- [localhost-startStop-1] o.a.c.c.C.[Tomcat].[localhost].[/]       : Initializing Spring embedded WebApplicationContext
2019-10-28 17:35:44.013  INFO 11548 --- [localhost-startStop-1] o.s.web.context.ContextLoader            : Root WebApplicationContext: initialization completed in 2652 ms
2019-10-28 17:35:44.122  INFO 11548 --- [localhost-startStop-1] o.s.b.w.servlet.ServletRegistrationBean  : Servlet dispatcherServlet mapped to [/]
2019-10-28 17:35:44.122  INFO 11548 --- [localhost-startStop-1] o.s.b.w.servlet.FilterRegistrationBean   : Mapping filter: 'characterEncodingFilter' to: [/*]
2019-10-28 17:35:44.122  INFO 11548 --- [localhost-startStop-1] o.s.b.w.servlet.FilterRegistrationBean   : Mapping filter: 'hiddenHttpMethodFilter' to: [/*]
2019-10-28 17:35:44.122  INFO 11548 --- [localhost-startStop-1] o.s.b.w.servlet.FilterRegistrationBean   : Mapping filter: 'httpPutFormContentFilter' to: [/*]
2019-10-28 17:35:44.122  INFO 11548 --- [localhost-startStop-1] o.s.b.w.servlet.FilterRegistrationBean   : Mapping filter: 'requestContextFilter' to: [/*]
2019-10-28 17:35:44.357  INFO 11548 --- [main] com.zaxxer.hikari.HikariDataSource       : HikariPool-1 - Starting...
2019-10-28 17:35:44.564  INFO 11548 --- [main] com.zaxxer.hikari.pool.PoolBase          : HikariPool-1 - Driver does not support get/set network timeout for connections. (org.h2.jdbc.JdbcConnection.getNetworkTimeout()I)
2019-10-28 17:35:44.579  INFO 11548 --- [main] com.zaxxer.hikari.HikariDataSource       : HikariPool-1 - Start completed.
2019-10-28 17:35:44.657  INFO 11548 --- [main] j.LocalContainerEntityManagerFactoryBean : Building JPA container EntityManagerFactory for persistence unit 'default'
2019-10-28 17:35:44.673  INFO 11548 --- [main] o.hibernate.jpa.internal.util.LogHelper  : HHH000204: Processing PersistenceUnitInfo [
	name: default
	...]
2019-10-28 17:35:44.782  INFO 11548 --- [main] org.hibernate.Version                    : HHH000412: Hibernate Core {5.2.17.Final}
2019-10-28 17:35:44.798  INFO 11548 --- [main] org.hibernate.cfg.Environment            : HHH000206: hibernate.properties not found
2019-10-28 17:35:44.860  INFO 11548 --- [main] o.hibernate.annotations.common.Version   : HCANN000001: Hibernate Commons Annotations {5.0.1.Final}
2019-10-28 17:35:45.048  INFO 11548 --- [main] org.hibernate.dialect.Dialect            : HHH000400: Using dialect: org.hibernate.dialect.H2Dialect
2019-10-28 17:35:45.095  INFO 11548 --- [main] o.h.e.j.e.i.LobCreatorBuilderImpl        : HHH000423: Disabling contextual LOB creation as JDBC driver reported JDBC version [3] less than 4
2019-10-28 17:35:45.954  INFO 11548 --- [main] o.h.t.schema.internal.SchemaCreatorImpl  : HHH000476: Executing import script 'org.hibernate.tool.schema.internal.exec.ScriptSourceInputNonExistentImpl@3daf03d8'
2019-10-28 17:35:45.967  INFO 11548 --- [main] j.LocalContainerEntityManagerFactoryBean : Initialized JPA EntityManagerFactory for persistence unit 'default'
2019-10-28 17:35:47.077  WARN 11548 --- [main] aWebConfiguration$JpaWebMvcConfiguration : spring.jpa.open-in-view is enabled by default. Therefore, database queries may be performed during view rendering. Explicitly configure spring.jpa.open-in-view to disable this warning
2019-10-28 17:35:47.165  INFO 11548 --- [main] s.w.s.m.m.a.RequestMappingHandlerMapping : Mapped "{[/academicBackGround/getall],methods=[GET]}" onto public org.springframework.http.ResponseEntity<java.util.List<com.wfdlabs.empmgmt.employeeMgmt.entity.AcademicBackGround>> com.wfdlabs.empmgmt.employeeMgmt.controller.AcademicBackGroundController.getAllAcademicBackGround()
2019-10-28 17:35:47.165  INFO 11548 --- [main] s.w.s.m.m.a.RequestMappingHandlerMapping : Mapped "{[/academicBackGround],methods=[PUT]}" onto public org.springframework.http.ResponseEntity<com.wfdlabs.empmgmt.employeeMgmt.entity.AcademicBackGround> com.wfdlabs.empmgmt.employeeMgmt.controller.AcademicBackGroundController.updateAcademicBackGround(com.wfdlabs.empmgmt.employeeMgmt.entity.AcademicBackGround)
2019-10-28 17:35:47.165  INFO 11548 --- [main] s.w.s.m.m.a.RequestMappingHandlerMapping : Mapped "{[/academicBackGround],methods=[GET]}" onto public org.springframework.http.ResponseEntity<com.wfdlabs.empmgmt.employeeMgmt.entity.AcademicBackGround> com.wfdlabs.empmgmt.employeeMgmt.controller.AcademicBackGroundController.getAcademicBackGroundId(java.lang.Integer)
2019-10-28 17:35:47.165  INFO 11548 --- [main] s.w.s.m.m.a.RequestMappingHandlerMapping : Mapped "{[/academicBackGround],methods=[POST]}" onto public org.springframework.http.ResponseEntity<com.wfdlabs.empmgmt.employeeMgmt.entity.AcademicBackGround> com.wfdlabs.empmgmt.employeeMgmt.controller.AcademicBackGroundController.createAcademicBackGround(com.wfdlabs.empmgmt.employeeMgmt.entity.AcademicBackGround)
2019-10-28 17:35:47.165  INFO 11548 --- [main] s.w.s.m.m.a.RequestMappingHandlerMapping : Mapped "{[/academicBackGround],methods=[DELETE]}" onto public org.springframework.http.ResponseEntity com.wfdlabs.empmgmt.employeeMgmt.controller.AcademicBackGroundController.deleteAcademicBackGround(java.lang.Integer)
2019-10-28 17:35:47.165  INFO 11548 --- [main] s.w.s.m.m.a.RequestMappingHandlerMapping : Mapped "{[/Role],methods=[PUT]}" onto public org.springframework.http.ResponseEntity<com.wfdlabs.empmgmt.employeeMgmt.entity.Role> com.wfdlabs.empmgmt.employeeMgmt.controller.AdminController.updateRole(com.wfdlabs.empmgmt.employeeMgmt.entity.Role)
2019-10-28 17:35:47.165  INFO 11548 --- [main] s.w.s.m.m.a.RequestMappingHandlerMapping : Mapped "{[/Role/all],methods=[GET]}" onto public org.springframework.http.ResponseEntity<java.util.List<com.wfdlabs.empmgmt.employeeMgmt.entity.Role>> com.wfdlabs.empmgmt.employeeMgmt.controller.AdminController.getRoles()
2019-10-28 17:35:47.181  INFO 11548 --- [main] s.w.s.m.m.a.RequestMappingHandlerMapping : Mapped "{[/Role],methods=[GET]}" onto public org.springframework.http.ResponseEntity<com.wfdlabs.empmgmt.employeeMgmt.entity.Role> com.wfdlabs.empmgmt.employeeMgmt.controller.AdminController.createRoles(java.lang.Integer)
2019-10-28 17:35:47.181  INFO 11548 --- [main] s.w.s.m.m.a.RequestMappingHandlerMapping : Mapped "{[/Role],methods=[POST]}" onto public org.springframework.http.ResponseEntity<com.wfdlabs.empmgmt.employeeMgmt.entity.Role> com.wfdlabs.empmgmt.employeeMgmt.controller.AdminController.createRole(com.wfdlabs.empmgmt.employeeMgmt.entity.Role)
2019-10-28 17:35:47.181  INFO 11548 --- [main] s.w.s.m.m.a.RequestMappingHandlerMapping : Mapped "{[/Role],methods=[DELETE]}" onto public org.springframework.http.ResponseEntity com.wfdlabs.empmgmt.employeeMgmt.controller.AdminController.deleteRoles(java.lang.Integer)
2019-10-28 17:35:47.181  INFO 11548 --- [main] s.w.s.m.m.a.RequestMappingHandlerMapping : Mapped "{[/Client/getall],methods=[GET]}" onto public org.springframework.http.ResponseEntity<java.util.List<com.wfdlabs.empmgmt.employeeMgmt.entity.Client>> com.wfdlabs.empmgmt.employeeMgmt.controller.ClientController.getAllClient()
2019-10-28 17:35:47.181  INFO 11548 --- [main] s.w.s.m.m.a.RequestMappingHandlerMapping : Mapped "{[/Client],methods=[POST]}" onto public org.springframework.http.ResponseEntity<com.wfdlabs.empmgmt.employeeMgmt.entity.Client> com.wfdlabs.empmgmt.employeeMgmt.controller.ClientController.createClient(com.wfdlabs.empmgmt.employeeMgmt.entity.Client)
2019-10-28 17:35:47.181  INFO 11548 --- [main] s.w.s.m.m.a.RequestMappingHandlerMapping : Mapped "{[/Client],methods=[GET]}" onto public org.springframework.http.ResponseEntity<com.wfdlabs.empmgmt.employeeMgmt.entity.Client> com.wfdlabs.empmgmt.employeeMgmt.controller.ClientController.getClient(java.lang.Integer)
2019-10-28 17:35:47.181  INFO 11548 --- [main] s.w.s.m.m.a.RequestMappingHandlerMapping : Mapped "{[/Client],methods=[PUT]}" onto public org.springframework.http.ResponseEntity<com.wfdlabs.empmgmt.employeeMgmt.entity.Client> com.wfdlabs.empmgmt.employeeMgmt.controller.ClientController.updateClient(com.wfdlabs.empmgmt.employeeMgmt.entity.Client)
2019-10-28 17:35:47.181  INFO 11548 --- [main] s.w.s.m.m.a.RequestMappingHandlerMapping : Mapped "{[/Client],methods=[DELETE]}" onto public org.springframework.http.ResponseEntity com.wfdlabs.empmgmt.employeeMgmt.controller.ClientController.deleteClient(java.lang.Integer)
2019-10-28 17:35:47.181  INFO 11548 --- [main] s.w.s.m.m.a.RequestMappingHandlerMapping : Mapped "{[/employee],methods=[POST]}" onto public com.wfdlabs.empmgmt.employeeMgmt.entity.Employee com.wfdlabs.empmgmt.employeeMgmt.controller.EmployeeController.createEmployee(com.wfdlabs.empmgmt.employeeMgmt.entity.Employee)
2019-10-28 17:35:47.181  INFO 11548 --- [main] s.w.s.m.m.a.RequestMappingHandlerMapping : Mapped "{[/employee/{employeeId}],methods=[DELETE]}" onto public java.lang.String com.wfdlabs.empmgmt.employeeMgmt.controller.EmployeeController.deleteUser(java.lang.Integer)
2019-10-28 17:35:47.181  INFO 11548 --- [main] s.w.s.m.m.a.RequestMappingHandlerMapping : Mapped "{[/employee/{employeeId}],methods=[GET]}" onto public org.springframework.http.ResponseEntity<com.wfdlabs.empmgmt.employeeMgmt.entity.Employee> com.wfdlabs.empmgmt.employeeMgmt.controller.EmployeeController.getEmployee(java.lang.Integer)
2019-10-28 17:35:47.181  INFO 11548 --- [main] s.w.s.m.m.a.RequestMappingHandlerMapping : Mapped "{[/employee],methods=[PUT]}" onto public com.wfdlabs.empmgmt.employeeMgmt.entity.Employee com.wfdlabs.empmgmt.employeeMgmt.controller.EmployeeController.updateEmployee(com.wfdlabs.empmgmt.employeeMgmt.entity.Employee)
2019-10-28 17:35:47.197  INFO 11548 --- [main] s.w.s.m.m.a.RequestMappingHandlerMapping : Mapped "{[/employee/{employeeId}/{Id}],methods=[GET]}" onto public com.wfdlabs.empmgmt.employeeMgmt.entity.Employee com.wfdlabs.empmgmt.employeeMgmt.controller.EmployeeController.generatePdf(java.lang.Integer) throws net.sf.jasperreports.engine.JRException
2019-10-28 17:35:47.197  INFO 11548 --- [main] s.w.s.m.m.a.RequestMappingHandlerMapping : Mapped "{[/EmployementHistory],methods=[DELETE]}" onto public org.springframework.http.ResponseEntity<java.lang.Object> com.wfdlabs.empmgmt.employeeMgmt.controller.EmployementHistoryController.deleteEmployementHistory(java.lang.Integer)
2019-10-28 17:35:47.197  INFO 11548 --- [main] s.w.s.m.m.a.RequestMappingHandlerMapping : Mapped "{[/EmployementHistory],methods=[POST]}" onto public org.springframework.http.ResponseEntity<com.wfdlabs.empmgmt.employeeMgmt.entity.EmployementHistory> com.wfdlabs.empmgmt.employeeMgmt.controller.EmployementHistoryController.createEmployeeHistory(com.wfdlabs.empmgmt.employeeMgmt.entity.EmployementHistory)
2019-10-28 17:35:47.197  INFO 11548 --- [main] s.w.s.m.m.a.RequestMappingHandlerMapping : Mapped "{[/EmployementHistory/getall],methods=[GET]}" onto public org.springframework.http.ResponseEntity<java.util.List<com.wfdlabs.empmgmt.employeeMgmt.entity.EmployementHistory>> com.wfdlabs.empmgmt.employeeMgmt.controller.EmployementHistoryController.getAllEmployementHistory()
2019-10-28 17:35:47.197  INFO 11548 --- [main] s.w.s.m.m.a.RequestMappingHandlerMapping : Mapped "{[/EmployementHistory],methods=[GET]}" onto public org.springframework.http.ResponseEntity<com.wfdlabs.empmgmt.employeeMgmt.entity.EmployementHistory> com.wfdlabs.empmgmt.employeeMgmt.controller.EmployementHistoryController.getEmployementHistory(java.lang.Integer)
2019-10-28 17:35:47.197  INFO 11548 --- [main] s.w.s.m.m.a.RequestMappingHandlerMapping : Mapped "{[/EmployementHistory],methods=[PUT]}" onto public com.wfdlabs.empmgmt.employeeMgmt.entity.EmployementHistory com.wfdlabs.empmgmt.employeeMgmt.controller.EmployementHistoryController.updateEmployementHistory(com.wfdlabs.empmgmt.employeeMgmt.entity.EmployementHistory)
2019-10-28 17:35:47.197  INFO 11548 --- [main] s.w.s.m.m.a.RequestMappingHandlerMapping : Mapped "{[/empRole],methods=[PUT]}" onto public com.wfdlabs.empmgmt.employeeMgmt.entity.EmpRole com.wfdlabs.empmgmt.employeeMgmt.controller.EmpRoleController.updateEmpRole(com.wfdlabs.empmgmt.employeeMgmt.entity.EmpRole)
2019-10-28 17:35:47.197  INFO 11548 --- [main] s.w.s.m.m.a.RequestMappingHandlerMapping : Mapped "{[/empRole],methods=[POST]}" onto public com.wfdlabs.empmgmt.employeeMgmt.entity.EmpRole com.wfdlabs.empmgmt.employeeMgmt.controller.EmpRoleController.createEmpRole(com.wfdlabs.empmgmt.employeeMgmt.entity.EmpRole)
2019-10-28 17:35:47.197  INFO 11548 --- [main] s.w.s.m.m.a.RequestMappingHandlerMapping : Mapped "{[/empRole/{empRoleId}],methods=[GET]}" onto public org.springframework.http.ResponseEntity<com.wfdlabs.empmgmt.employeeMgmt.entity.EmpRole> com.wfdlabs.empmgmt.employeeMgmt.controller.EmpRoleController.getEmpRole(java.lang.Integer)
2019-10-28 17:35:47.197  INFO 11548 --- [main] s.w.s.m.m.a.RequestMappingHandlerMapping : Mapped "{[/empRole/getAll],methods=[GET]}" onto public org.springframework.http.ResponseEntity<java.util.List<com.wfdlabs.empmgmt.employeeMgmt.entity.EmpRole>> com.wfdlabs.empmgmt.employeeMgmt.controller.EmpRoleController.getAllEmpRole()
2019-10-28 17:35:47.197  INFO 11548 --- [main] s.w.s.m.m.a.RequestMappingHandlerMapping : Mapped "{[/empRole/{empRoleId}],methods=[DELETE]}" onto public java.lang.String com.wfdlabs.empmgmt.employeeMgmt.controller.EmpRoleController.deleteEmpRole(java.lang.Integer)
2019-10-28 17:35:47.197  INFO 11548 --- [main] s.w.s.m.m.a.RequestMappingHandlerMapping : Mapped "{[/leave/leavestatus/delete],methods=[DELETE]}" onto public org.springframework.http.ResponseEntity com.wfdlabs.empmgmt.employeeMgmt.controller.LeaveController.deleteLeaveStatus(java.lang.Integer)
2019-10-28 17:35:47.197  INFO 11548 --- [main] s.w.s.m.m.a.RequestMappingHandlerMapping : Mapped "{[/leave/leavestatus/getall],methods=[GET]}" onto public org.springframework.http.ResponseEntity<java.util.List> com.wfdlabs.empmgmt.employeeMgmt.controller.LeaveController.getAllLeaveStatus()
2019-10-28 17:35:47.197  INFO 11548 --- [main] s.w.s.m.m.a.RequestMappingHandlerMapping : Mapped "{[/leave/leavestatus],methods=[POST]}" onto public org.springframework.http.ResponseEntity<com.wfdlabs.empmgmt.employeeMgmt.entity.LeaveStatus> com.wfdlabs.empmgmt.employeeMgmt.controller.LeaveController.createLeaveStatus(com.wfdlabs.empmgmt.employeeMgmt.entity.LeaveStatus)
2019-10-28 17:35:47.197  INFO 11548 --- [main] s.w.s.m.m.a.RequestMappingHandlerMapping : Mapped "{[/leave/leavestatus/update],methods=[PUT]}" onto public org.springframework.http.ResponseEntity<com.wfdlabs.empmgmt.employeeMgmt.entity.LeaveStatus> com.wfdlabs.empmgmt.employeeMgmt.controller.LeaveController.updateLeaveStatus(com.wfdlabs.empmgmt.employeeMgmt.entity.LeaveStatus)
2019-10-28 17:35:47.197  INFO 11548 --- [main] s.w.s.m.m.a.RequestMappingHandlerMapping : Mapped "{[/leave/leavestatus/getid],methods=[GET]}" onto public org.springframework.http.ResponseEntity<com.wfdlabs.empmgmt.employeeMgmt.entity.LeaveStatus> com.wfdlabs.empmgmt.employeeMgmt.controller.LeaveController.getLeaveStatus(java.lang.Integer)
2019-10-28 17:35:47.212  INFO 11548 --- [main] s.w.s.m.m.a.RequestMappingHandlerMapping : Mapped "{[/leave/leavetype/getId],methods=[GET]}" onto public org.springframework.http.ResponseEntity<com.wfdlabs.empmgmt.employeeMgmt.entity.LeaveType> com.wfdlabs.empmgmt.employeeMgmt.controller.LeaveController.getLeaveType(java.lang.Integer)
2019-10-28 17:35:47.212  INFO 11548 --- [main] s.w.s.m.m.a.RequestMappingHandlerMapping : Mapped "{[/leave],methods=[POST]}" onto public org.springframework.http.ResponseEntity<com.wfdlabs.empmgmt.employeeMgmt.entity.Leave> com.wfdlabs.empmgmt.employeeMgmt.controller.LeaveController.createLeave(com.wfdlabs.empmgmt.employeeMgmt.entity.Leave)
2019-10-28 17:35:47.212  INFO 11548 --- [main] s.w.s.m.m.a.RequestMappingHandlerMapping : Mapped "{[/leave/leavetype/delete],methods=[DELETE]}" onto public org.springframework.http.ResponseEntity com.wfdlabs.empmgmt.employeeMgmt.controller.LeaveController.deleteLeaveType(java.lang.Integer)
2019-10-28 17:35:47.212  INFO 11548 --- [main] s.w.s.m.m.a.RequestMappingHandlerMapping : Mapped "{[/leave/leavetype/update],methods=[PUT]}" onto public org.springframework.http.ResponseEntity<com.wfdlabs.empmgmt.employeeMgmt.entity.LeaveType> com.wfdlabs.empmgmt.employeeMgmt.controller.LeaveController.updateLeaveType(com.wfdlabs.empmgmt.employeeMgmt.entity.LeaveType)
2019-10-28 17:35:47.212  INFO 11548 --- [main] s.w.s.m.m.a.RequestMappingHandlerMapping : Mapped "{[/leave],methods=[GET]}" onto public org.springframework.http.ResponseEntity<com.wfdlabs.empmgmt.employeeMgmt.entity.Leave> com.wfdlabs.empmgmt.employeeMgmt.controller.LeaveController.getById(java.lang.Integer)
2019-10-28 17:35:47.212  INFO 11548 --- [main] s.w.s.m.m.a.RequestMappingHandlerMapping : Mapped "{[/leave/leavetype],methods=[POST]}" onto public org.springframework.http.ResponseEntity<com.wfdlabs.empmgmt.employeeMgmt.entity.LeaveType> com.wfdlabs.empmgmt.employeeMgmt.controller.LeaveController.createLeaveType(com.wfdlabs.empmgmt.employeeMgmt.entity.LeaveType)
2019-10-28 17:35:47.212  INFO 11548 --- [main] s.w.s.m.m.a.RequestMappingHandlerMapping : Mapped "{[/leave/leavetype/getall],methods=[GET]}" onto public org.springframework.http.ResponseEntity<java.util.List> com.wfdlabs.empmgmt.employeeMgmt.controller.LeaveController.getAllLeaveType()
2019-10-28 17:35:47.212  INFO 11548 --- [main] s.w.s.m.m.a.RequestMappingHandlerMapping : Mapped "{[/employee/forget],methods=[GET]}" onto public org.springframework.http.ResponseEntity<com.wfdlabs.empmgmt.employeeMgmt.entity.Employee> com.wfdlabs.empmgmt.employeeMgmt.controller.LoginController.validatePassword(java.lang.String,java.lang.String,java.lang.Integer) throws java.text.ParseException
2019-10-28 17:35:47.212  INFO 11548 --- [main] s.w.s.m.m.a.RequestMappingHandlerMapping : Mapped "{[/employee/login],methods=[GET]}" onto public org.springframework.http.ResponseEntity<com.wfdlabs.empmgmt.employeeMgmt.entity.Employee> com.wfdlabs.empmgmt.employeeMgmt.controller.LoginController.login(java.lang.Integer,java.lang.String)
2019-10-28 17:35:47.212  INFO 11548 --- [main] s.w.s.m.m.a.RequestMappingHandlerMapping : Mapped "{[/Module],methods=[GET]}" onto public com.wfdlabs.empmgmt.employeeMgmt.entity.Module com.wfdlabs.empmgmt.employeeMgmt.controller.ModuleController.getModule(java.lang.Integer)
2019-10-28 17:35:47.212  INFO 11548 --- [main] s.w.s.m.m.a.RequestMappingHandlerMapping : Mapped "{[/Module],methods=[POST]}" onto public com.wfdlabs.empmgmt.employeeMgmt.entity.Module com.wfdlabs.empmgmt.employeeMgmt.controller.ModuleController.createModule(com.wfdlabs.empmgmt.employeeMgmt.entity.Module)
2019-10-28 17:35:47.212  INFO 11548 --- [main] s.w.s.m.m.a.RequestMappingHandlerMapping : Mapped "{[/Module/getall],methods=[GET]}" onto public java.util.List<com.wfdlabs.empmgmt.employeeMgmt.entity.Module> com.wfdlabs.empmgmt.employeeMgmt.controller.ModuleController.getAllModule()
2019-10-28 17:35:47.212  INFO 11548 --- [main] s.w.s.m.m.a.RequestMappingHandlerMapping : Mapped "{[/Module],methods=[DELETE]}" onto public java.lang.String com.wfdlabs.empmgmt.employeeMgmt.controller.ModuleController.deleteModule(java.lang.Integer)
2019-10-28 17:35:47.212  INFO 11548 --- [main] s.w.s.m.m.a.RequestMappingHandlerMapping : Mapped "{[/Module],methods=[PUT]}" onto public com.wfdlabs.empmgmt.employeeMgmt.entity.Module com.wfdlabs.empmgmt.employeeMgmt.controller.ModuleController.updateModule(com.wfdlabs.empmgmt.employeeMgmt.entity.Module)
2019-10-28 17:35:47.212  INFO 11548 --- [main] s.w.s.m.m.a.RequestMappingHandlerMapping : Mapped "{[/Permision/getall],methods=[GET]}" onto public java.util.List<com.wfdlabs.empmgmt.employeeMgmt.entity.Permision> com.wfdlabs.empmgmt.employeeMgmt.controller.PermisionController.getAllPermision()
2019-10-28 17:35:47.212  INFO 11548 --- [main] s.w.s.m.m.a.RequestMappingHandlerMapping : Mapped "{[/Permision],methods=[DELETE]}" onto public java.lang.String com.wfdlabs.empmgmt.employeeMgmt.controller.PermisionController.deletepermision(java.lang.Integer)
2019-10-28 17:35:47.212  INFO 11548 --- [main] s.w.s.m.m.a.RequestMappingHandlerMapping : Mapped "{[/Permision],methods=[POST]}" onto public com.wfdlabs.empmgmt.employeeMgmt.entity.Permision com.wfdlabs.empmgmt.employeeMgmt.controller.PermisionController.createPermision(com.wfdlabs.empmgmt.employeeMgmt.entity.Permision)
2019-10-28 17:35:47.212  INFO 11548 --- [main] s.w.s.m.m.a.RequestMappingHandlerMapping : Mapped "{[/Permision],methods=[GET]}" onto public com.wfdlabs.empmgmt.employeeMgmt.entity.Permision com.wfdlabs.empmgmt.employeeMgmt.controller.PermisionController.getPermision(java.lang.Integer)
2019-10-28 17:35:47.212  INFO 11548 --- [main] s.w.s.m.m.a.RequestMappingHandlerMapping : Mapped "{[/Permision],methods=[PUT]}" onto public com.wfdlabs.empmgmt.employeeMgmt.entity.Permision com.wfdlabs.empmgmt.employeeMgmt.controller.PermisionController.updatePermision(com.wfdlabs.empmgmt.employeeMgmt.entity.Permision)
2019-10-28 17:35:47.212  INFO 11548 --- [main] s.w.s.m.m.a.RequestMappingHandlerMapping : Mapped "{[/Project],methods=[POST]}" onto public org.springframework.http.ResponseEntity<com.wfdlabs.empmgmt.employeeMgmt.entity.Project> com.wfdlabs.empmgmt.employeeMgmt.controller.ProjectController.createProject(com.wfdlabs.empmgmt.employeeMgmt.entity.Project)
2019-10-28 17:35:47.212  INFO 11548 --- [main] s.w.s.m.m.a.RequestMappingHandlerMapping : Mapped "{[/Project],methods=[GET]}" onto public org.springframework.http.ResponseEntity<com.wfdlabs.empmgmt.employeeMgmt.entity.Project> com.wfdlabs.empmgmt.employeeMgmt.controller.ProjectController.getproject(java.lang.Integer)
2019-10-28 17:35:47.212  INFO 11548 --- [main] s.w.s.m.m.a.RequestMappingHandlerMapping : Mapped "{[/salary/getall],methods=[GET]}" onto public org.springframework.http.ResponseEntity<java.util.List<com.wfdlabs.empmgmt.employeeMgmt.entity.Salary>> com.wfdlabs.empmgmt.employeeMgmt.controller.SalaryController.getAllSalary()
2019-10-28 17:35:47.228  INFO 11548 --- [main] s.w.s.m.m.a.RequestMappingHandlerMapping : Mapped "{[/salary],methods=[POST]}" onto public org.springframework.http.ResponseEntity<com.wfdlabs.empmgmt.employeeMgmt.entity.Salary> com.wfdlabs.empmgmt.employeeMgmt.controller.SalaryController.createSalary(com.wfdlabs.empmgmt.employeeMgmt.entity.Salary)
2019-10-28 17:35:47.228  INFO 11548 --- [main] s.w.s.m.m.a.RequestMappingHandlerMapping : Mapped "{[/salary],methods=[GET]}" onto public org.springframework.http.ResponseEntity<com.wfdlabs.empmgmt.employeeMgmt.entity.Salary> com.wfdlabs.empmgmt.employeeMgmt.controller.SalaryController.getSalary(java.lang.Integer)
2019-10-28 17:35:47.228  INFO 11548 --- [main] s.w.s.m.m.a.RequestMappingHandlerMapping : Mapped "{[/salary],methods=[PUT]}" onto public org.springframework.http.ResponseEntity<com.wfdlabs.empmgmt.employeeMgmt.entity.Salary> com.wfdlabs.empmgmt.employeeMgmt.controller.SalaryController.updateSalary(com.wfdlabs.empmgmt.employeeMgmt.entity.Salary)
2019-10-28 17:35:47.228  INFO 11548 --- [main] s.w.s.m.m.a.RequestMappingHandlerMapping : Mapped "{[/salary],methods=[DELETE]}" onto public org.springframework.http.ResponseEntity com.wfdlabs.empmgmt.employeeMgmt.controller.SalaryController.deleteSalary(java.lang.Integer)
2019-10-28 17:35:47.228  INFO 11548 --- [main] s.w.s.m.m.a.RequestMappingHandlerMapping : Mapped "{[/SalaryOffered/getall],methods=[GET]}" onto public java.util.List<com.wfdlabs.empmgmt.employeeMgmt.entity.SalaryOffered> com.wfdlabs.empmgmt.employeeMgmt.controller.SalaryOfferedController.getAllSalaryOffered()
2019-10-28 17:35:47.228  INFO 11548 --- [main] s.w.s.m.m.a.RequestMappingHandlerMapping : Mapped "{[/SalaryOffered],methods=[POST]}" onto public com.wfdlabs.empmgmt.employeeMgmt.entity.SalaryOffered com.wfdlabs.empmgmt.employeeMgmt.controller.SalaryOfferedController.createSalaryOffered(com.wfdlabs.empmgmt.employeeMgmt.entity.SalaryOffered)
2019-10-28 17:35:47.228  INFO 11548 --- [main] s.w.s.m.m.a.RequestMappingHandlerMapping : Mapped "{[/SalaryOffered],methods=[DELETE]}" onto public java.lang.String com.wfdlabs.empmgmt.employeeMgmt.controller.SalaryOfferedController.deleteSalaryOffered(java.lang.Integer)
2019-10-28 17:35:47.228  INFO 11548 --- [main] s.w.s.m.m.a.RequestMappingHandlerMapping : Mapped "{[/SalaryOffered],methods=[PUT]}" onto public com.wfdlabs.empmgmt.employeeMgmt.entity.SalaryOffered com.wfdlabs.empmgmt.employeeMgmt.controller.SalaryOfferedController.UpdateSalaryOffered(com.wfdlabs.empmgmt.employeeMgmt.entity.SalaryOffered)
2019-10-28 17:35:47.228  INFO 11548 --- [main] s.w.s.m.m.a.RequestMappingHandlerMapping : Mapped "{[/SalaryOffered],methods=[GET]}" onto public com.wfdlabs.empmgmt.employeeMgmt.entity.SalaryOffered com.wfdlabs.empmgmt.employeeMgmt.controller.SalaryOfferedController.getSalaryOffered(java.lang.Integer)
2019-10-28 17:35:47.228  INFO 11548 --- [main] s.w.s.m.m.a.RequestMappingHandlerMapping : Mapped "{[/user/{userId}],methods=[DELETE]}" onto public java.lang.String com.wfdlabs.empmgmt.employeeMgmt.controller.UserController.deleteUser(java.lang.Integer)
2019-10-28 17:35:47.228  INFO 11548 --- [main] s.w.s.m.m.a.RequestMappingHandlerMapping : Mapped "{[/user],methods=[POST]}" onto public com.wfdlabs.empmgmt.employeeMgmt.entity.User com.wfdlabs.empmgmt.employeeMgmt.controller.UserController.createUser(com.wfdlabs.empmgmt.employeeMgmt.entity.User)
2019-10-28 17:35:47.228  INFO 11548 --- [main] s.w.s.m.m.a.RequestMappingHandlerMapping : Mapped "{[/user],methods=[PUT]}" onto public com.wfdlabs.empmgmt.employeeMgmt.entity.User com.wfdlabs.empmgmt.employeeMgmt.controller.UserController.updateUser(com.wfdlabs.empmgmt.employeeMgmt.entity.User)
2019-10-28 17:35:47.228  INFO 11548 --- [main] s.w.s.m.m.a.RequestMappingHandlerMapping : Mapped "{[/user/{userId}],methods=[GET]}" onto public org.springframework.http.ResponseEntity<com.wfdlabs.empmgmt.employeeMgmt.entity.User> com.wfdlabs.empmgmt.employeeMgmt.controller.UserController.getUser(java.lang.Integer)
2019-10-28 17:35:47.228  INFO 11548 --- [main] s.w.s.m.m.a.RequestMappingHandlerMapping : Mapped "{[/v2/api-docs],methods=[GET],produces=[application/json || application/hal+json]}" onto public org.springframework.http.ResponseEntity<springfox.documentation.spring.web.json.Json> springfox.documentation.swagger2.web.Swagger2Controller.getDocumentation(java.lang.String,javax.servlet.http.HttpServletRequest)
2019-10-28 17:35:47.228  INFO 11548 --- [main] s.w.s.m.m.a.RequestMappingHandlerMapping : Mapped "{[/swagger-resources/configuration/ui]}" onto org.springframework.http.ResponseEntity<springfox.documentation.swagger.web.UiConfiguration> springfox.documentation.swagger.web.ApiResourceController.uiConfiguration()
2019-10-28 17:35:47.243  INFO 11548 --- [main] s.w.s.m.m.a.RequestMappingHandlerMapping : Mapped "{[/swagger-resources]}" onto org.springframework.http.ResponseEntity<java.util.List<springfox.documentation.swagger.web.SwaggerResource>> springfox.documentation.swagger.web.ApiResourceController.swaggerResources()
2019-10-28 17:35:47.243  INFO 11548 --- [main] s.w.s.m.m.a.RequestMappingHandlerMapping : Mapped "{[/swagger-resources/configuration/security]}" onto org.springframework.http.ResponseEntity<springfox.documentation.swagger.web.SecurityConfiguration> springfox.documentation.swagger.web.ApiResourceController.securityConfiguration()
2019-10-28 17:35:47.243  INFO 11548 --- [main] s.w.s.m.m.a.RequestMappingHandlerMapping : Mapped "{[/error]}" onto public org.springframework.http.ResponseEntity<java.util.Map<java.lang.String, java.lang.Object>> org.springframework.boot.autoconfigure.web.servlet.error.BasicErrorController.error(javax.servlet.http.HttpServletRequest)
2019-10-28 17:35:47.243  INFO 11548 --- [main] s.w.s.m.m.a.RequestMappingHandlerMapping : Mapped "{[/error],produces=[text/html]}" onto public org.springframework.web.servlet.ModelAndView org.springframework.boot.autoconfigure.web.servlet.error.BasicErrorController.errorHtml(javax.servlet.http.HttpServletRequest,javax.servlet.http.HttpServletResponse)
2019-10-28 17:35:47.493  INFO 11548 --- [main] o.s.w.s.handler.SimpleUrlHandlerMapping  : Mapped URL path [/**/favicon.ico] onto handler of type [class org.springframework.web.servlet.resource.ResourceHttpRequestHandler]
2019-10-28 17:35:47.806  INFO 11548 --- [main] s.w.s.m.m.a.RequestMappingHandlerAdapter : Looking for @ControllerAdvice: org.springframework.boot.web.servlet.context.AnnotationConfigServletWebServerApplicationContext@d706f19: startup date [Mon Oct 28 17:35:41 IST 2019]; root of context hierarchy
2019-10-28 17:35:47.868  INFO 11548 --- [main] o.s.w.s.handler.SimpleUrlHandlerMapping  : Mapped URL path [/webjars/**] onto handler of type [class org.springframework.web.servlet.resource.ResourceHttpRequestHandler]
2019-10-28 17:35:47.868  INFO 11548 --- [main] o.s.w.s.handler.SimpleUrlHandlerMapping  : Mapped URL path [/**] onto handler of type [class org.springframework.web.servlet.resource.ResourceHttpRequestHandler]
2019-10-28 17:35:48.275  INFO 11548 --- [main] o.s.j.e.a.AnnotationMBeanExporter        : Registering beans for JMX exposure on startup
2019-10-28 17:35:48.280  INFO 11548 --- [main] o.s.j.e.a.AnnotationMBeanExporter        : Bean with name 'dataSource' has been autodetected for JMX exposure
2019-10-28 17:35:48.280  INFO 11548 --- [main] o.s.j.e.a.AnnotationMBeanExporter        : Located MBean 'dataSource': registering with JMX server as MBean [com.zaxxer.hikari:name=dataSource,type=HikariDataSource]
2019-10-28 17:35:48.296  INFO 11548 --- [main] o.s.c.support.DefaultLifecycleProcessor  : Starting beans in phase 2147483647
2019-10-28 17:35:48.296  INFO 11548 --- [main] d.s.w.p.DocumentationPluginsBootstrapper : Context refreshed
2019-10-28 17:35:48.311  INFO 11548 --- [main] d.s.w.p.DocumentationPluginsBootstrapper : Found 1 custom documentation plugin(s)
2019-10-28 17:35:48.327  INFO 11548 --- [main] s.d.s.w.s.ApiListingReferenceScanner     : Scanning for api listing references
2019-10-28 17:35:48.874  INFO 11548 --- [main] .d.s.w.r.o.CachingOperationNameGenerator : Generating unique operation named: deleteUserUsingDELETE_1
2019-10-28 17:35:48.952  INFO 11548 --- [main] o.s.b.w.embedded.tomcat.TomcatWebServer  : Tomcat started on port(s): 8081 (http) with context path ''
2019-10-28 17:35:48.952  INFO 11548 --- [main] c.w.e.e.EmployeeMgmtApplication          : Started EmployeeMgmtApplication in 8.426 seconds (JVM running for 9.676)
