2019-05-13 12:03:49.293  INFO 7932 --- [main] c.w.s.schoolMgmt.SchoolMgmtApplication   : Starting SchoolMgmtApplication on DESKTOP-C7RQ7I3 with PID 7932 (C:\wfb\GITHUBCODE\wfd\schoolMgmt\target\classes started by syam prasad in C:\wfb\GITHUBCODE\wfd\schoolMgmt)
2019-05-13 12:03:49.305  INFO 7932 --- [main] c.w.s.schoolMgmt.SchoolMgmtApplication   : No active profile set, falling back to default profiles: default
2019-05-13 12:03:50.847  INFO 7932 --- [main] .s.d.r.c.RepositoryConfigurationDelegate : Bootstrapping Spring Data repositories in DEFAULT mode.
2019-05-13 12:03:51.015  INFO 7932 --- [main] .s.d.r.c.RepositoryConfigurationDelegate : Finished Spring Data repository scanning in 156ms. Found 8 repository interfaces.
2019-05-13 12:03:51.529  INFO 7932 --- [main] trationDelegate$BeanPostProcessorChecker : Bean 'org.springframework.transaction.annotation.ProxyTransactionManagementConfiguration' of type [org.springframework.transaction.annotation.ProxyTransactionManagementConfiguration$$EnhancerBySpringCGLIB$$67b7196e] is not eligible for getting processed by all BeanPostProcessors (for example: not eligible for auto-proxying)
2019-05-13 12:03:51.570  INFO 7932 --- [main] trationDelegate$BeanPostProcessorChecker : Bean 'org.springframework.hateoas.config.HateoasConfiguration' of type [org.springframework.hateoas.config.HateoasConfiguration$$EnhancerBySpringCGLIB$$e73766a0] is not eligible for getting processed by all BeanPostProcessors (for example: not eligible for auto-proxying)
2019-05-13 12:03:52.065  INFO 7932 --- [main] o.s.b.w.embedded.tomcat.TomcatWebServer  : Tomcat initialized with port(s): 8081 (http)
2019-05-13 12:03:52.164  INFO 7932 --- [main] o.apache.catalina.core.StandardService   : Starting service [Tomcat]
2019-05-13 12:03:52.166  INFO 7932 --- [main] org.apache.catalina.core.StandardEngine  : Starting Servlet engine: [Apache Tomcat/9.0.17]
2019-05-13 12:03:52.500  INFO 7932 --- [main] o.a.c.c.C.[Tomcat].[localhost].[/]       : Initializing Spring embedded WebApplicationContext
2019-05-13 12:03:52.501  INFO 7932 --- [main] o.s.web.context.ContextLoader            : Root WebApplicationContext: initialization completed in 3127 ms
2019-05-13 12:03:52.755  INFO 7932 --- [main] com.zaxxer.hikari.HikariDataSource       : HikariPool-1 - Starting...
2019-05-13 12:03:52.833  INFO 7932 --- [main] com.zaxxer.hikari.pool.PoolBase          : HikariPool-1 - Driver does not support get/set network timeout for connections. (org.h2.jdbc.JdbcConnection.getNetworkTimeout()I)
2019-05-13 12:03:52.849  INFO 7932 --- [main] com.zaxxer.hikari.HikariDataSource       : HikariPool-1 - Start completed.
2019-05-13 12:03:52.940  INFO 7932 --- [main] o.hibernate.jpa.internal.util.LogHelper  : HHH000204: Processing PersistenceUnitInfo [
	name: default
	...]
2019-05-13 12:03:53.284  INFO 7932 --- [main] org.hibernate.Version                    : HHH000412: Hibernate Core {5.3.9.Final}
2019-05-13 12:03:53.286  INFO 7932 --- [main] org.hibernate.cfg.Environment            : HHH000206: hibernate.properties not found
2019-05-13 12:03:53.480  INFO 7932 --- [main] o.hibernate.annotations.common.Version   : HCANN000001: Hibernate Commons Annotations {5.0.4.Final}
2019-05-13 12:03:53.720  INFO 7932 --- [main] org.hibernate.dialect.Dialect            : HHH000400: Using dialect: org.hibernate.dialect.H2Dialect
2019-05-13 12:03:53.811  INFO 7932 --- [main] o.h.e.j.e.i.LobCreatorBuilderImpl        : HHH000423: Disabling contextual LOB creation as JDBC driver reported JDBC version [3] less than 4
2019-05-13 12:03:54.127  INFO 7932 --- [main] o.hibernate.id.enhanced.TableGenerator   : HHH000398: Explicit segment value for id generator [hibernate_sequences.sequence_name] suggested; using default [default]
2019-05-13 12:03:56.469  INFO 7932 --- [main] o.h.t.schema.internal.SchemaCreatorImpl  : HHH000476: Executing import script 'org.hibernate.tool.schema.internal.exec.ScriptSourceInputNonExistentImpl@684ce74c'
2019-05-13 12:03:56.474  INFO 7932 --- [main] j.LocalContainerEntityManagerFactoryBean : Initialized JPA EntityManagerFactory for persistence unit 'default'
2019-05-13 12:03:57.906  WARN 7932 --- [main] aWebConfiguration$JpaWebMvcConfiguration : spring.jpa.open-in-view is enabled by default. Therefore, database queries may be performed during view rendering. Explicitly configure spring.jpa.open-in-view to disable this warning
2019-05-13 12:03:58.670  INFO 7932 --- [main] o.s.s.concurrent.ThreadPoolTaskExecutor  : Initializing ExecutorService 'applicationTaskExecutor'
2019-05-13 12:03:59.231  INFO 7932 --- [main] d.s.w.p.DocumentationPluginsBootstrapper : Context refreshed
2019-05-13 12:03:59.271  INFO 7932 --- [main] d.s.w.p.DocumentationPluginsBootstrapper : Found 1 custom documentation plugin(s)
2019-05-13 12:03:59.302  INFO 7932 --- [main] s.d.s.w.s.ApiListingReferenceScanner     : Scanning for api listing references
2019-05-13 12:04:00.062  INFO 7932 --- [main] o.s.b.w.embedded.tomcat.TomcatWebServer  : Tomcat started on port(s): 8081 (http) with context path ''
2019-05-13 12:04:00.068  INFO 7932 --- [main] c.w.s.schoolMgmt.SchoolMgmtApplication   : Started SchoolMgmtApplication in 11.402 seconds (JVM running for 12.952)
2019-05-13 12:04:12.394  INFO 7932 --- [RMI TCP Connection(2)-127.0.0.1] inMXBeanRegistrar$SpringApplicationAdmin : Application shutdown requested.
2019-05-13 12:04:12.405  INFO 7932 --- [RMI TCP Connection(2)-127.0.0.1] o.s.s.concurrent.ThreadPoolTaskExecutor  : Shutting down ExecutorService 'applicationTaskExecutor'
2019-05-13 12:04:12.414  INFO 7932 --- [RMI TCP Connection(2)-127.0.0.1] j.LocalContainerEntityManagerFactoryBean : Closing JPA EntityManagerFactory for persistence unit 'default'
2019-05-13 12:04:12.421  INFO 7932 --- [RMI TCP Connection(2)-127.0.0.1] com.zaxxer.hikari.HikariDataSource       : HikariPool-1 - Shutdown initiated...
2019-05-13 12:04:12.427  INFO 7932 --- [RMI TCP Connection(2)-127.0.0.1] com.zaxxer.hikari.HikariDataSource       : HikariPool-1 - Shutdown completed.
2019-05-13 12:04:17.509  INFO 1268 --- [main] c.w.s.schoolMgmt.SchoolMgmtApplication   : Starting SchoolMgmtApplication on DESKTOP-C7RQ7I3 with PID 1268 (C:\wfb\GITHUBCODE\wfd\schoolMgmt\target\classes started by syam prasad in C:\wfb\GITHUBCODE\wfd\schoolMgmt)
2019-05-13 12:04:17.516  INFO 1268 --- [main] c.w.s.schoolMgmt.SchoolMgmtApplication   : No active profile set, falling back to default profiles: default
2019-05-13 12:04:18.955  INFO 1268 --- [main] .s.d.r.c.RepositoryConfigurationDelegate : Bootstrapping Spring Data repositories in DEFAULT mode.
2019-05-13 12:04:19.124  INFO 1268 --- [main] .s.d.r.c.RepositoryConfigurationDelegate : Finished Spring Data repository scanning in 155ms. Found 8 repository interfaces.
2019-05-13 12:04:19.624  INFO 1268 --- [main] trationDelegate$BeanPostProcessorChecker : Bean 'org.springframework.transaction.annotation.ProxyTransactionManagementConfiguration' of type [org.springframework.transaction.annotation.ProxyTransactionManagementConfiguration$$EnhancerBySpringCGLIB$$9f23ae99] is not eligible for getting processed by all BeanPostProcessors (for example: not eligible for auto-proxying)
2019-05-13 12:04:19.664  INFO 1268 --- [main] trationDelegate$BeanPostProcessorChecker : Bean 'org.springframework.hateoas.config.HateoasConfiguration' of type [org.springframework.hateoas.config.HateoasConfiguration$$EnhancerBySpringCGLIB$$1ea3fbcb] is not eligible for getting processed by all BeanPostProcessors (for example: not eligible for auto-proxying)
2019-05-13 12:04:20.098  INFO 1268 --- [main] o.s.b.w.embedded.tomcat.TomcatWebServer  : Tomcat initialized with port(s): 8081 (http)
2019-05-13 12:04:20.135  INFO 1268 --- [main] o.apache.catalina.core.StandardService   : Starting service [Tomcat]
2019-05-13 12:04:20.136  INFO 1268 --- [main] org.apache.catalina.core.StandardEngine  : Starting Servlet engine: [Apache Tomcat/9.0.17]
2019-05-13 12:04:20.390  INFO 1268 --- [main] o.a.c.c.C.[Tomcat].[localhost].[/]       : Initializing Spring embedded WebApplicationContext
2019-05-13 12:04:20.393  INFO 1268 --- [main] o.s.web.context.ContextLoader            : Root WebApplicationContext: initialization completed in 2784 ms
2019-05-13 12:04:20.642  INFO 1268 --- [main] com.zaxxer.hikari.HikariDataSource       : HikariPool-1 - Starting...
2019-05-13 12:04:20.707  INFO 1268 --- [main] com.zaxxer.hikari.pool.PoolBase          : HikariPool-1 - Driver does not support get/set network timeout for connections. (org.h2.jdbc.JdbcConnection.getNetworkTimeout()I)
2019-05-13 12:04:20.721  INFO 1268 --- [main] com.zaxxer.hikari.HikariDataSource       : HikariPool-1 - Start completed.
2019-05-13 12:04:20.827  INFO 1268 --- [main] o.hibernate.jpa.internal.util.LogHelper  : HHH000204: Processing PersistenceUnitInfo [
	name: default
	...]
2019-05-13 12:04:21.168  INFO 1268 --- [main] org.hibernate.Version                    : HHH000412: Hibernate Core {5.3.9.Final}
2019-05-13 12:04:21.172  INFO 1268 --- [main] org.hibernate.cfg.Environment            : HHH000206: hibernate.properties not found
2019-05-13 12:04:21.417  INFO 1268 --- [main] o.hibernate.annotations.common.Version   : HCANN000001: Hibernate Commons Annotations {5.0.4.Final}
2019-05-13 12:04:21.609  INFO 1268 --- [main] org.hibernate.dialect.Dialect            : HHH000400: Using dialect: org.hibernate.dialect.H2Dialect
2019-05-13 12:04:21.669  INFO 1268 --- [main] o.h.e.j.e.i.LobCreatorBuilderImpl        : HHH000423: Disabling contextual LOB creation as JDBC driver reported JDBC version [3] less than 4
2019-05-13 12:04:22.044  INFO 1268 --- [main] o.hibernate.id.enhanced.TableGenerator   : HHH000398: Explicit segment value for id generator [hibernate_sequences.sequence_name] suggested; using default [default]
2019-05-13 12:04:23.171  INFO 1268 --- [main] o.h.t.schema.internal.SchemaCreatorImpl  : HHH000476: Executing import script 'org.hibernate.tool.schema.internal.exec.ScriptSourceInputNonExistentImpl@6f15f52a'
2019-05-13 12:04:23.176  INFO 1268 --- [main] j.LocalContainerEntityManagerFactoryBean : Initialized JPA EntityManagerFactory for persistence unit 'default'
2019-05-13 12:04:24.077  WARN 1268 --- [main] aWebConfiguration$JpaWebMvcConfiguration : spring.jpa.open-in-view is enabled by default. Therefore, database queries may be performed during view rendering. Explicitly configure spring.jpa.open-in-view to disable this warning
2019-05-13 12:04:24.489  INFO 1268 --- [main] o.s.s.concurrent.ThreadPoolTaskExecutor  : Initializing ExecutorService 'applicationTaskExecutor'
2019-05-13 12:04:24.769  INFO 1268 --- [main] d.s.w.p.DocumentationPluginsBootstrapper : Context refreshed
2019-05-13 12:04:24.789  INFO 1268 --- [main] d.s.w.p.DocumentationPluginsBootstrapper : Found 1 custom documentation plugin(s)
2019-05-13 12:04:24.801  INFO 1268 --- [main] s.d.s.w.s.ApiListingReferenceScanner     : Scanning for api listing references
2019-05-13 12:04:25.233  INFO 1268 --- [main] o.s.b.w.embedded.tomcat.TomcatWebServer  : Tomcat started on port(s): 8081 (http) with context path ''
2019-05-13 12:04:25.236  INFO 1268 --- [main] c.w.s.schoolMgmt.SchoolMgmtApplication   : Started SchoolMgmtApplication in 8.314 seconds (JVM running for 9.59)
2019-05-13 12:04:40.189  INFO 1268 --- [RMI TCP Connection(2)-127.0.0.1] inMXBeanRegistrar$SpringApplicationAdmin : Application shutdown requested.
2019-05-13 12:04:40.200  INFO 1268 --- [RMI TCP Connection(2)-127.0.0.1] o.s.s.concurrent.ThreadPoolTaskExecutor  : Shutting down ExecutorService 'applicationTaskExecutor'
2019-05-13 12:04:40.209  INFO 1268 --- [RMI TCP Connection(2)-127.0.0.1] j.LocalContainerEntityManagerFactoryBean : Closing JPA EntityManagerFactory for persistence unit 'default'
2019-05-13 12:04:40.215  INFO 1268 --- [RMI TCP Connection(2)-127.0.0.1] com.zaxxer.hikari.HikariDataSource       : HikariPool-1 - Shutdown initiated...
2019-05-13 12:04:40.226  INFO 1268 --- [RMI TCP Connection(2)-127.0.0.1] com.zaxxer.hikari.HikariDataSource       : HikariPool-1 - Shutdown completed.
2019-05-13 12:04:56.178  INFO 14568 --- [main] c.w.s.schoolMgmt.SchoolMgmtApplication   : Starting SchoolMgmtApplication on DESKTOP-C7RQ7I3 with PID 14568 (C:\wfb\GITHUBCODE\wfd\schoolMgmt\target\classes started by syam prasad in C:\wfb\GITHUBCODE\wfd\schoolMgmt)
2019-05-13 12:04:56.183  INFO 14568 --- [main] c.w.s.schoolMgmt.SchoolMgmtApplication   : No active profile set, falling back to default profiles: default
2019-05-13 12:04:57.619  INFO 14568 --- [main] .s.d.r.c.RepositoryConfigurationDelegate : Bootstrapping Spring Data repositories in DEFAULT mode.
2019-05-13 12:04:57.782  INFO 14568 --- [main] .s.d.r.c.RepositoryConfigurationDelegate : Finished Spring Data repository scanning in 151ms. Found 8 repository interfaces.
2019-05-13 12:04:58.281  INFO 14568 --- [main] trationDelegate$BeanPostProcessorChecker : Bean 'org.springframework.transaction.annotation.ProxyTransactionManagementConfiguration' of type [org.springframework.transaction.annotation.ProxyTransactionManagementConfiguration$$EnhancerBySpringCGLIB$$afa5529a] is not eligible for getting processed by all BeanPostProcessors (for example: not eligible for auto-proxying)
2019-05-13 12:04:58.320  INFO 14568 --- [main] trationDelegate$BeanPostProcessorChecker : Bean 'org.springframework.hateoas.config.HateoasConfiguration' of type [org.springframework.hateoas.config.HateoasConfiguration$$EnhancerBySpringCGLIB$$2f259fcc] is not eligible for getting processed by all BeanPostProcessors (for example: not eligible for auto-proxying)
2019-05-13 12:04:58.740  INFO 14568 --- [main] o.s.b.w.embedded.tomcat.TomcatWebServer  : Tomcat initialized with port(s): 8081 (http)
2019-05-13 12:04:58.775  INFO 14568 --- [main] o.apache.catalina.core.StandardService   : Starting service [Tomcat]
2019-05-13 12:04:58.777  INFO 14568 --- [main] org.apache.catalina.core.StandardEngine  : Starting Servlet engine: [Apache Tomcat/9.0.17]
2019-05-13 12:04:59.036  INFO 14568 --- [main] o.a.c.c.C.[Tomcat].[localhost].[/]       : Initializing Spring embedded WebApplicationContext
2019-05-13 12:04:59.038  INFO 14568 --- [main] o.s.web.context.ContextLoader            : Root WebApplicationContext: initialization completed in 2780 ms
2019-05-13 12:04:59.280  INFO 14568 --- [main] com.zaxxer.hikari.HikariDataSource       : HikariPool-1 - Starting...
2019-05-13 12:04:59.345  INFO 14568 --- [main] com.zaxxer.hikari.pool.PoolBase          : HikariPool-1 - Driver does not support get/set network timeout for connections. (org.h2.jdbc.JdbcConnection.getNetworkTimeout()I)
2019-05-13 12:04:59.359  INFO 14568 --- [main] com.zaxxer.hikari.HikariDataSource       : HikariPool-1 - Start completed.
2019-05-13 12:04:59.443  INFO 14568 --- [main] o.hibernate.jpa.internal.util.LogHelper  : HHH000204: Processing PersistenceUnitInfo [
	name: default
	...]
2019-05-13 12:04:59.668  INFO 14568 --- [main] org.hibernate.Version                    : HHH000412: Hibernate Core {5.3.9.Final}
2019-05-13 12:04:59.672  INFO 14568 --- [main] org.hibernate.cfg.Environment            : HHH000206: hibernate.properties not found
2019-05-13 12:04:59.862  INFO 14568 --- [main] o.hibernate.annotations.common.Version   : HCANN000001: Hibernate Commons Annotations {5.0.4.Final}
2019-05-13 12:05:00.064  INFO 14568 --- [main] org.hibernate.dialect.Dialect            : HHH000400: Using dialect: org.hibernate.dialect.H2Dialect
2019-05-13 12:05:00.133  INFO 14568 --- [main] o.h.e.j.e.i.LobCreatorBuilderImpl        : HHH000423: Disabling contextual LOB creation as JDBC driver reported JDBC version [3] less than 4
2019-05-13 12:05:00.398  INFO 14568 --- [main] o.hibernate.id.enhanced.TableGenerator   : HHH000398: Explicit segment value for id generator [hibernate_sequences.sequence_name] suggested; using default [default]
2019-05-13 12:05:01.275  INFO 14568 --- [main] o.h.t.schema.internal.SchemaCreatorImpl  : HHH000476: Executing import script 'org.hibernate.tool.schema.internal.exec.ScriptSourceInputNonExistentImpl@2d22d3b1'
2019-05-13 12:05:01.280  INFO 14568 --- [main] j.LocalContainerEntityManagerFactoryBean : Initialized JPA EntityManagerFactory for persistence unit 'default'
2019-05-13 12:05:02.339  WARN 14568 --- [main] aWebConfiguration$JpaWebMvcConfiguration : spring.jpa.open-in-view is enabled by default. Therefore, database queries may be performed during view rendering. Explicitly configure spring.jpa.open-in-view to disable this warning
2019-05-13 12:05:02.742  INFO 14568 --- [main] o.s.s.concurrent.ThreadPoolTaskExecutor  : Initializing ExecutorService 'applicationTaskExecutor'
2019-05-13 12:05:03.144  INFO 14568 --- [main] d.s.w.p.DocumentationPluginsBootstrapper : Context refreshed
2019-05-13 12:05:03.164  INFO 14568 --- [main] d.s.w.p.DocumentationPluginsBootstrapper : Found 1 custom documentation plugin(s)
2019-05-13 12:05:03.176  INFO 14568 --- [main] s.d.s.w.s.ApiListingReferenceScanner     : Scanning for api listing references
2019-05-13 12:05:03.749  INFO 14568 --- [main] o.s.b.w.embedded.tomcat.TomcatWebServer  : Tomcat started on port(s): 8081 (http) with context path ''
2019-05-13 12:05:03.753  INFO 14568 --- [main] c.w.s.schoolMgmt.SchoolMgmtApplication   : Started SchoolMgmtApplication in 8.149 seconds (JVM running for 9.648)
2019-05-13 12:05:58.903  INFO 14568 --- [http-nio-8081-exec-4] o.a.c.c.C.[Tomcat].[localhost].[/]       : Initializing Spring DispatcherServlet 'dispatcherServlet'
2019-05-13 12:05:58.907  INFO 14568 --- [http-nio-8081-exec-4] o.s.web.servlet.DispatcherServlet        : Initializing Servlet 'dispatcherServlet'
2019-05-13 12:05:58.936  INFO 14568 --- [http-nio-8081-exec-4] o.s.web.servlet.DispatcherServlet        : Completed initialization in 26 ms
2019-05-13 14:11:43.313  WARN 14568 --- [HikariPool-1 housekeeper] com.zaxxer.hikari.pool.HikariPool        : HikariPool-1 - Thread starvation or clock leap detected (housekeeper delta=1h35m13s368ms400µs499ns).
2019-05-13 15:36:38.606  WARN 14568 --- [HikariPool-1 housekeeper] com.zaxxer.hikari.pool.HikariPool        : HikariPool-1 - Thread starvation or clock leap detected (housekeeper delta=1h9m25s178ms51µs773ns).
